====================
Now comparing emerging-dos.rules
downloading : https://rules.emergingthreats.net/open/suricata-4.0/rules/emerging-dos.rules
====================
start compare_sid  2018-03-09 01:54:10
====================
start compare sid_list1 to 2, sid_list1 len is 103, sid_list2 len is 110 2018-03-09 01:54:10
====================
start compare sid_list2 to 1  2018-03-09 01:54:10
====================
add : #alert tcp any any -> $HOME_NET [139,445] (msg:"ET DOS Possible SMBLoris NBSS Length Mem Exhaustion Vuln Inbound"; flow:established,to_server; content:"|00 01|"; depth:2; threshold:type both,track by_dst,count 3, seconds 90; metadata: former_category DOS; reference:url,isc.sans.edu/forums/diary/SMBLoris+the+new+SMB+flaw/22662/; classtype:trojan-activity; sid:2024510; rev:1; metadata:affected_product Windows_XP_Vista_7_8_10_Server_32_64_Bit, attack_target Client_and_Server, deployment Internal, signature_severity Major, created_at 2017_08_02, performance_impact Significant, updated_at 2017_08_02;)

====================
add : alert tcp any any -> $HOME_NET [139,445] (msg:"ET DOS SMBLoris NBSS Length Mem Exhaustion Attempt (PoC Based)"; flow:established,to_server; content:"|00 01 ff ff|"; depth:4; threshold:type both,track by_dst,count 30, seconds 300; metadata: former_category DOS; reference:url,isc.sans.edu/forums/diary/SMBLoris+the+new+SMB+flaw/22662/; classtype:trojan-activity; sid:2024511; rev:2; metadata:affected_product Windows_XP_Vista_7_8_10_Server_32_64_Bit, attack_target Client_and_Server, deployment Internal, signature_severity Major, created_at 2017_08_02, performance_impact Significant, updated_at 2017_08_03;)

====================
add : alert udp $EXTERNAL_NET 389 -> $HOME_NET 389 (msg:"ET DOS CLDAP Amplification Reflection (PoC based)"; dsize:52; content:"|30 84 00 00 00 2d 02 01 01 63 84 00 00 00 24 04 00 0a 01 00|"; fast_pattern; threshold:type both, count 100, seconds 60, track by_src; metadata: former_category DOS; reference:url,www.akamai.com/us/en/multimedia/documents/state-of-the-internet/cldap-threat-advisory.pdf; reference:url,packetstormsecurity.com/files/139561/LDAP-Amplication-Denial-Of-Service.html; classtype:attempted-dos; sid:2024584; rev:1; metadata:affected_product Windows_XP_Vista_7_8_10_Server_32_64_Bit, affected_product Linux, attack_target Server, deployment Perimeter, signature_severity Major, created_at 2017_08_16, performance_impact Significant, updated_at 2017_08_16;)

====================
add : alert udp $EXTERNAL_NET any -> $HOME_NET 389 (msg:"ET DOS Potential CLDAP Amplification Reflection"; content:"objectclass0"; fast_pattern; threshold:type both, count 200, seconds 60, track by_src; metadata: former_category DOS; reference:url,www.akamai.com/us/en/multimedia/documents/state-of-the-internet/cldap-threat-advisory.pdf; reference:url,packetstormsecurity.com/files/139561/LDAP-Amplication-Denial-Of-Service.html; classtype:attempted-dos; sid:2024585; rev:1; metadata:affected_product Windows_XP_Vista_7_8_10_Server_32_64_Bit, affected_product Linux, attack_target Client_and_Server, deployment Perimeter, signature_severity Major, created_at 2017_08_16, performance_impact Significant, updated_at 2017_08_16;)

====================
add : alert udp $EXTERNAL_NET any -> any 11211 (msg:"ET DOS Possible Memcached DDoS Amplification Query (set)"; content:"|00 00 00 00 00 01 00|"; depth:7; fast_pattern; content:"|0d 0a|"; distance:0; within:20; isdataat:!1,relative; threshold: type both, count 100, seconds 60, track by_dst; flowbits:set,ET.memcached.ddos; metadata: former_category DOS; reference:url,blog.cloudflare.com/memcrashed-major-amplification-attacks-from-port-11211/; classtype:attempted-dos; sid:2025401; rev:2; metadata:affected_product Windows_XP_Vista_7_8_10_Server_32_64_Bit, affected_product Linux, attack_target Server, deployment Perimeter, signature_severity Major, created_at 2018_03_01, performance_impact Low, updated_at 2018_03_01;)

====================
add : alert udp any 11211 -> $EXTERNAL_NET any (msg:"ET DOS Possible Memcached DDoS Amplification Response Outbound"; flowbits:isset,ET.memcached.ddos; content:"STATS|20|pid"; depth:9; fast_pattern; threshold: type both, count 100, seconds 60, track by_dst; metadata: former_category DOS; reference:url,blog.cloudflare.com/memcrashed-major-amplification-attacks-from-port-11211/; classtype:attempted-dos; sid:2025402; rev:1; metadata:affected_product Windows_XP_Vista_7_8_10_Server_32_64_Bit, affected_product Linux, attack_target Server, deployment Perimeter, signature_severity Major, created_at 2018_03_01, performance_impact Low, updated_at 2018_03_01;)

====================
add : alert udp $EXTERNAL_NET 11211 -> $HOME_NET any (msg:"ET DOS Possible Memcached DDoS Amplification Inbound"; content:"STATS|20|pid"; depth:9; fast_pattern; threshold: type both, count 100, seconds 60, track by_dst; metadata: former_category DOS; reference:url,blog.cloudflare.com/memcrashed-major-amplification-attacks-from-port-11211/; classtype:attempted-dos; sid:2025403; rev:1; metadata:affected_product Windows_XP_Vista_7_8_10_Server_32_64_Bit, affected_product Linux, attack_target Client_Endpoint, deployment Perimeter, signature_severity Major, created_at 2018_03_01, performance_impact Low, updated_at 2018_03_01;)

====================
process end 2018-03-09 01:54:12
