====================
Now comparing emerging-chat.rules
file exist, opening : C:/Users/muhe/Desktop/links/wirte/Ali0thNotes/Protocols Security/script/suricata rules update management/emerging-chat.rules
====================
start compare_sid  2018-03-09 00:33:38
====================
start compare sid_list1 to 2, sid_list1 len is 89, sid_list2 len is 91 2018-03-09 00:33:38
====================
local : #alert tcp $HOME_NET any -> $EXTERNAL_NET $HTTP_PORTS (msg:"ET CHAT Gadu-Gadu IM Login Server Request"; flow:established,to_server; content:"/appsvc/appmsg"; http_uri; nocase; content:".asp"; http_uri; nocase; content:"fmnumber="; http_uri; content:"&version="; http_uri; content:"&fmt="; http_uri; content:"Host|3a| appmsg.gadu-gadu."; http_header; reference:url,piotr.trzcionkowski.pl/default.asp?load=/programy/pppgg_protokol.html; reference:url,doc.emergingthreats.net/2008295; classtype:policy-violation; sid:2008295; rev:6;)

official : alert http $HOME_NET any -> $EXTERNAL_NET any (msg:"ET CHAT Gadu-Gadu IM Login Server Request"; flow:established,to_server; content:"/appsvc/appmsg"; http_uri; nocase; content:".asp"; http_uri; nocase; content:"fmnumber="; http_uri; content:"&version="; http_uri; content:"&fmt="; http_uri; content:"appmsg.gadu-gadu."; http_host; reference:url,piotr.trzcionkowski.pl/default.asp?load=/programy/pppgg_protokol.html; reference:url,doc.emergingthreats.net/2008295; classtype:policy-violation; sid:2008295; rev:7; metadata:created_at 2010_07_30, updated_at 2010_07_30;)

====================
local : #alert tcp $EXTERNAL_NET 8074 -> $HOME_NET any (msg:"ET CHAT GaduGadu Chat Server Welcome Packet"; flow:established,from_server; dsize:12; content:"|01 00 00 00|"; depth:4; flowbits:set,ET.gadu.welcome; reference:url,piotr.trzcionkowski.pl/default.asp?load=/programy/pppgg_protokol.html; reference:url,doc.emergingthreats.net/2008297; classtype:policy-violation; sid:2008297; rev:4;)

official : alert tcp $EXTERNAL_NET 8074 -> $HOME_NET any (msg:"ET CHAT GaduGadu Chat Server Welcome Packet"; flow:established,from_server; dsize:12; content:"|01 00 00 00|"; depth:4; flowbits:set,ET.gadu.welcome; metadata: former_category CHAT; reference:url,piotr.trzcionkowski.pl/default.asp?load=/programy/pppgg_protokol.html; reference:url,doc.emergingthreats.net/2008297; classtype:policy-violation; sid:2008297; rev:5; metadata:created_at 2010_07_30, updated_at 2017_12_11;)

====================
local : #alert http $HOME_NET any -> $EXTERNAL_NET $HTTP_PORTS (msg:"ET CHAT Gadu-Gadu Chat Client Checkin via HTTP"; flow:established,to_server; content:"/appsvc/appmsg"; nocase; http_uri; content:"fmnumber="; nocase; http_uri; content:"&version="; nocase; http_uri; content:"&fmt="; nocase; http_uri; content:"&lastmsg="; http_uri; nocase; reference:url,doc.emergingthreats.net/2007866; classtype:trojan-activity; sid:2007866; rev:8;)

official : alert http $HOME_NET any -> $EXTERNAL_NET any (msg:"ET CHAT Gadu-Gadu Chat Client Checkin via HTTP"; flow:established,to_server; content:"/appsvc/appmsg"; nocase; http_uri; content:"fmnumber="; nocase; http_uri; content:"&version="; nocase; http_uri; content:"&fmt="; nocase; http_uri; content:"&lastmsg="; http_uri; nocase; reference:url,doc.emergingthreats.net/2007866; classtype:trojan-activity; sid:2007866; rev:9; metadata:created_at 2010_07_30, updated_at 2010_07_30;)

====================
start compare sid_list2 to 1  2018-03-09 00:33:39
====================
add : alert tcp any any -> any 6666:7000 (msg:"ET CHAT IRC USER Likely bot with 0 0 colon checkin"; flow:to_server,established; content:"USER|20|"; nocase; content:" 0 0 |3a|"; within:40; content:"|0a|"; within:40; flowbits:set,is_proto_irc; metadata: former_category CHAT; classtype:misc-activity; sid:2025066; rev:1; metadata:created_at 2013_07_12, updated_at 2017_11_28;)

====================
add : alert tcp any any -> any !6666:7000 (msg:"ET CHAT IRC USER Off-port Likely bot with 0 0 colon checkin"; flow:to_server,established; content:"USER|20|"; nocase; content:" 0 0 |3a|"; within:40; content:"|0a|"; within:40; flowbits:set,is_proto_irc; metadata: former_category CHAT; classtype:misc-activity; sid:2025067; rev:1; metadata:created_at 2013_07_12, updated_at 2017_11_28;)

====================
process end 2018-03-09 00:33:39
