====================
Now comparing emerging-scan.rules
downloading : https://rules.emergingthreats.net/open/suricata-4.0/rules/emerging-scan.rules
====================
start compare_sid  2018-03-09 02:10:43
====================
start compare sid_list1 to 2, sid_list1 len is 279, sid_list2 len is 280 2018-03-09 02:10:43
====================
local : alert http $EXTERNAL_NET any -> $HOME_NET $HTTP_PORTS (msg:"ET SCAN DirBuster Web App Scan in Progress"; flow:to_server,established; content:"|0d 0a|User-Agent|3a| DirBuster"; reference:url,owasp.org; reference:url,doc.emergingthreats.net/2008186; classtype:web-application-attack; sid:2008186; rev:4;)

official : alert http $EXTERNAL_NET any -> $HOME_NET any (msg:"ET SCAN DirBuster Web App Scan in Progress"; flow:to_server,established; content:"DirBuster"; depth:9; http_user_agent; reference:url,owasp.org; reference:url,doc.emergingthreats.net/2008186; classtype:web-application-attack; sid:2008186; rev:5; metadata:created_at 2010_07_30, updated_at 2010_07_30;)

====================
local : alert http $EXTERNAL_NET any -> $HTTP_SERVERS $HTTP_PORTS (msg:"ET SCAN Sqlmap SQL Injection Scan"; flow:to_server,established; content:"|0d 0a|User-Agent|3a| sqlmap"; threshold: type limit, count 2, seconds 40, track by_src; reference:url,sqlmap.sourceforge.net; reference:url,doc.emergingthreats.net/2008538; classtype:attempted-recon; sid:2008538; rev:6;)

official : alert http $EXTERNAL_NET any -> $HTTP_SERVERS any (msg:"ET SCAN Sqlmap SQL Injection Scan"; flow:to_server,established; content:"sqlmap"; depth:6; http_user_agent; threshold: type limit, count 2, seconds 40, track by_src; reference:url,sqlmap.sourceforge.net; reference:url,doc.emergingthreats.net/2008538; classtype:attempted-recon; sid:2008538; rev:7; metadata:affected_product Web_Server_Applications, attack_target Web_Server, deployment Datacenter, tag SQL_Injection, signature_severity Major, created_at 2010_07_30, updated_at 2016_07_01;)

====================
local : alert http $EXTERNAL_NET any -> $HOME_NET any (msg:"ET SCAN OpenVAS User-Agent Inbound"; flow:established,to_server; content:"User-Agent|3A| "; http_header; content:"OpenVAS"; fast_pattern; http_header; within:100; reference:url,openvas.org; classtype:attempted-recon; sid:2012726; rev:4;)

official : alert http $EXTERNAL_NET any -> $HOME_NET any (msg:"ET SCAN OpenVAS User-Agent Inbound"; flow:established,to_server; content:"OpenVAS"; http_user_agent; reference:url,openvas.org; classtype:attempted-recon; sid:2012726; rev:5; metadata:created_at 2011_04_26, updated_at 2011_04_26;)

====================
local : alert ssh $EXTERNAL_NET any -> $HOME_NET any (msg:"ET SCAN SSH BruteForce Tool with fake PUTTY version"; flow:established,to_server; ssh.softwareversion:"PUTTY"; threshold: type limit, track by_src, count 1, seconds 30; classtype:network-scan; sid:2019876; rev:4;)

official : alert ssh $EXTERNAL_NET any -> $HOME_NET any (msg:"ET SCAN SSH BruteForce Tool with fake PUTTY version"; flow:established,to_server; ssh_proto; content:"PUTTY"; threshold: type limit, track by_src, count 1, seconds 30; metadata: former_category SCAN; classtype:network-scan; sid:2019876; rev:6; metadata:created_at 2014_12_05, updated_at 2017_12_01;)

====================
start compare sid_list2 to 1  2018-03-09 02:10:46
====================
add : alert http $EXTERNAL_NET any -> $HOME_NET any (msg:"ET SCAN struts-pwn User-Agent"; flow:established,to_server; content:"struts-pwn"; depth:10; http_user_agent; fast_pattern;metadata:affected_product Apache_Struts2, attack_target Web_Server, deployment Perimeter, signature_severity Critical; metadata: former_category SCAN; reference:url,github.com/mazen160/struts-pwn_CVE-2017-9805/blob/master/struts-pwn.py; reference:cve,2017-9805; reference:url,paladion.net/paladion-cyber-labs-discovers-a-new-ransomware/; classtype:attempted-user; sid:2024843; rev:2; metadata:affected_product Apache_Struts2, attack_target Web_Server, deployment Datacenter, signature_severity Minor, created_at 2017_10_16, performance_impact Moderate, updated_at 2017_10_16;)

====================
process end 2018-03-09 02:10:47
