====================
start search local files 2018-03-09 12:15:15
====================
Now comparing pt-rules.rules
file exist, opening : C:/Users/muhe/Desktop/links/wirte/Ali0thNotes/Protocols Security/script/suricata rules update management/pt-rules.rules
====================
start compare_sid  2018-03-09 12:15:15
====================
start compare sid_list1 to 2, sid_list1 len is 56, sid_list2 len is 106 2018-03-09 12:15:15
====================
start compare sid_list2 to 1  2018-03-09 12:15:15
====================FFMPEG漏洞
add : alert http any any -> $HOME_NET any (msg: "[PT OPEN] Buffer Overflow via Negative HTTP Chunk size number (FFMPEG CVE-2016-10190, WGET CVE-2017-13089, CVE-2017-13090)"; flow: established, from_server; content: "Transfer-Encoding"; nocase; http_header; content: "chunked"; http_header; nocase; distance: 0; app-layer-event:http.invalid_response_chunk_len; pcre: "/^\s*-[0-9A-Fa-f]+/Qs"; reference: cve, 2016-10190; reference: cve, 2017-13089; reference: cve, 2017-13090; reference: url, trac.ffmpeg.org/ticket/5992; reference: url, bugzilla.redhat.com/show_bug.cgi?id=CVE-2017-13089; classtype: attempted-admin; sid: 10001108; rev: 2; )

==================== 检测Dridex木马发起的连接，共六条，id_313831 https://en.wikipedia.org/wiki/Dridex https://raw.githubusercontent.com/ptresearch/AttackDetection/master/Dridex/dridex.rules
add : alert tls $HOME_NET any -> $EXTERNAL_NET any (msg: "[PTsecurity] Dridex/Feodo-D SSL connection #0.1"; flow: established, to_server; content: "|17 03 01 00 80|"; depth:5; stream_size: server, <,1905; stream_size: client, <,9911; stream_size: client, >,0; stream_size: server, >,0; flowbits: noalert;flowbits: set, FB313831_0; classtype: trojan-activity; metadata: autosign, id_313831, created_at 2017_8_1; sid: 10001683; rev: 1;) 

====================
add : alert tls $HOME_NET any -> $EXTERNAL_NET any (msg: "[PTsecurity] Dridex/Feodo-D SSL connection #0.2"; flow: established, to_server; content: "|17 03 01 00 90|"; depth:5; stream_size: server, <,1905; stream_size: client, <,9911; stream_size: client, >,0; stream_size: server, >,0; flowbits: noalert;flowbits: set, FB313831_0; classtype: trojan-activity; metadata: autosign, id_313831, created_at 2017_8_1; sid: 10001684; rev: 1;) 

====================
add : alert tls $HOME_NET any -> $EXTERNAL_NET any (msg: "[PTsecurity] Dridex/Feodo-D SSL connection #1"; flow: established, to_server; content: "|1703|"; depth:2; byte_test: 2, >=,2512, 1, relative; byte_test: 2, <=,7900, 1, relative; stream_size: server, <,1905; stream_size: client, <,9911; stream_size: client, >,0; stream_size: server, >,0; flowbits: noalert; flowbits: isset, FB313831_0; flowbits: unset, FB313831_0; flowbits: set, FB313831_1; classtype: trojan-activity; metadata: autosign, id_313831, created_at 2017_8_1; sid: 10001685; rev: 1;) 

====================
add : alert tls $EXTERNAL_NET any -> $HOME_NET any (msg: "[PTsecurity] Dridex/Feodo-D SSL connection #2.1"; flow: established, to_client; content: "|17 03 01 01 60|"; depth:5; stream_size: server, <,2257; stream_size: client, <,10263; stream_size: client, >,0; stream_size: server, >,0; flowbits: isset, FB313831_1; flowbits: unset, FB313831_1; threshold: type limit, track by_src, count 1, seconds 300;classtype: trojan-activity; metadata: autosign, id_313831, created_at 2017_8_1; sid: 10001686; rev: 1;) 

====================
add : alert tls $EXTERNAL_NET any -> $HOME_NET any (msg: "[PTsecurity] Dridex/Feodo-D SSL connection #2.2"; flow: established, to_client; content: "|17 03 01 00 D0|"; depth:5; stream_size: server, <,2257; stream_size: client, <,10263; stream_size: client, >,0; stream_size: server, >,0; flowbits: isset, FB313831_1; flowbits: unset, FB313831_1; threshold: type limit, track by_src, count 1, seconds 300;classtype: trojan-activity; metadata: autosign, id_313831, created_at 2017_8_1; sid: 10001792; rev: 1;) 

====================
add : alert tls $EXTERNAL_NET any -> $HOME_NET any (msg: "[PTsecurity] Dridex/Feodo-D SSL connection #2.3"; flow: established, to_client; content: "|17 03 01 00 C0|"; depth:5; stream_size: server, <,2257; stream_size: client, <,10263; stream_size: client, >,0; stream_size: server, >,0; flowbits: isset, FB313831_1; flowbits: unset, FB313831_1; threshold: type limit, track by_src, count 1, seconds 300;classtype: trojan-activity; metadata: autosign, id_313831, created_at 2017_8_1; sid: 10001793; rev: 1;)

====================Dridex木马活动检测 三条
add : alert tls $EXTERNAL_NET any -> $HOME_NET any (msg: "[PTsecurity] Trickbot/Dyre/Dridex #1"; flow: established, to_client; content: "|1703|"; depth:2; byte_test: 2, >=,160, 1, relative; byte_test: 2, <=,240, 1, relative; stream_size: server, <,3000; stream_size: client, <,3000; flowbits: noalert; flowbits: set, FB320221_0; classtype: trojan-activity; metadata: autosign, id_320221, created_at 2017_8_11; sid: 10001758; rev: 1;)

====================
add : alert tls $EXTERNAL_NET any -> $HOME_NET any (msg: "[PTsecurity] Trickbot/Dyre/Dridex #2";flow: established, to_client;content: "|17 03 01 00 F0|";depth:5;content: "|17 03 01  00 20|";distance:240;within:5;content: "|17 03 01|";distance:32;within:3;stream_size: server, <,30000;stream_size: client, <,30000;flowbits: isset, FB320221_0; flowbits: unset, FB320221_0; flowbits: set, FB320221_1; flowbits: noalert ; classtype: trojan-activity;metadata: autosign, id_320221, created_at 2017_8_11;sid: 10001759; rev: 2;)

====================
add : alert tls $EXTERNAL_NET any -> $HOME_NET any (msg: "[PTsecurity] Trickbot/Dyre/Dridex #3";flow: established, to_client;content: "|17 03 01 01 00|"; depth:5; content: "|17 03 01  00 20|"; distance:256; within:5; content: "|17 03 01|";distance:32;within:3;stream_size: server, <,30000;stream_size: client, <,30000;flowbits: isset, FB320221_0; flowbits: unset, FB320221_0; flowbits: set, FB320221_1; classtype: trojan-activity;metadata: autosign, id_320221, created_at 2017_8_11;sid: 10001760; rev: 1;) 

====================Dridex连接检测 三条
add : alert tls $HOME_NET any -> $EXTERNAL_NET any (msg: "[PTsecurity] Dyre/Trickbot/Dridex SSL connection #0"; flow: established, to_server; content: "|1703|"; depth:2; byte_test: 2, >=,270, 1, relative; byte_test: 2, <=,292, 1, relative; stream_size: server, <,2710; stream_size: client, <,1540; flowbits: noalert; flowbits: set, FB314917_0; classtype: trojan-activity; metadata: autosign, id_314917, created_at 2017_8_3; sid: 20001465; rev: 2;) 

====================
add : alert tls $EXTERNAL_NET any -> $HOME_NET any (msg: "[PTsecurity] Dyre/Trickbot/Dridex SSL connection #1"; flow: established, to_client; content: "|1703|"; depth:2; byte_test: 2, >=,400, 1, relative; byte_test: 2, <=,416, 1, relative; stream_size: server, <,2710; stream_size: client, <,1540;  flowbits: isset, FB314917_0; flowbits: unset, FB314917_0; flowbits: set, FB314917_1;  flowbits: noalert; classtype: trojan-activity; metadata: autosign, id_314917, created_at 2017_8_3; sid: 20001466; rev: 2;) 

====================
add : alert tls $HOME_NET any -> $EXTERNAL_NET any (msg: "[PTsecurity] Dyre/Trickbot/Dridex SSL connection #2"; flow: established, to_server; content: "|1703|"; depth:2; byte_test: 2, >=,400, 1, relative;  byte_test: 2, <=,416, 1, relative; stream_size: server, <,3300; stream_size: client, <,2500;  flowbits: isset, FB314917_1; flowbits: unset, FB314917_1; flowbits: set, FB314917_2; classtype: trojan-activity; metadata: autosign, id_314917, created_at 2017_8_3; sid: 20001467; rev: 1;) 


====================四个ETERNALCHAMPION
add : alert smb any any -> $HOME_NET any (msg: "[PT OPEN] Metasploit MS17-010 ETERNALCHAMPION. Non-Fragmented NT Trans Request with command NT Rename (CVE-2017-0146)"; flow: established, to_server; content: "|FF|SMB|A0|"; offset: 4; depth: 5; byte_extract: 4, 35, NTTrans.TotalDataCount, relative, little; byte_test: 4, =, NTTrans.TotalDataCount, 16, relative, little; content: "|05 00|"; distance: 25; within: 2; isdataat:300, relative; flowbits: set, EternalRomance.RaceCondition.Possible; flowbits: noalert; reference: cve, 2017-0146; reference: url, github.com/rapid7/metasploit-framework/commit/c9473f8cbc147fe6ff7fe27862fd3d1e9f27c4f5; reference: url, blogs.technet.microsoft.com/srd/2017/06/29/eternal-champion-exploit-analysis; classtype: attempted-admin; sid: 10001717; rev: 2;)

====================
add : alert smb $HOME_NET any -> any any (msg: "[PT OPEN] NT Trans Response"; flow: established, from_server; content: "|FF|SMB|A0|"; offset: 4; depth: 5; flowbits: isset, EternalRomance.RaceCondition.Possible; flowbits: unset, EternalRomance.RaceCondition.Possible; flowbits: noalert; reference: cve, 2017-0146; reference: url, github.com/rapid7/metasploit-framework/commit/c9473f8cbc147fe6ff7fe27862fd3d1e9f27c4f5; reference: url, blogs.technet.microsoft.com/srd/2017/06/29/eternal-champion-exploit-analysis; classtype: attempted-admin; sid: 10001718; rev: 1;)

====================
add : alert smb any any -> $HOME_NET any (msg: "[PT OPEN] Metasploit MS17-010 ETERNALCHAMPION Race Condition Exploit. NT Trans Secondary packet follows NT Trans Req (CVE-2017-0146)"; flow: established, no_stream, to_server; content: "|FF|SMB|A1|"; flowbits: isset, EternalRomance.RaceCondition.Possible; flowbits: set, EternalRomance.RaceCondition.Attempt; threshold: type both, track by_src, count 1, seconds 60; reference: cve, 2017-0146; reference: url, github.com/rapid7/metasploit-framework/commit/c9473f8cbc147fe6ff7fe27862fd3d1e9f27c4f5; reference: url, blogs.technet.microsoft.com/srd/2017/06/29/eternal-champion-exploit-analysis; classtype: attempted-admin; sid: 10001719; rev: 1;)

====================
add : alert smb $HOME_NET any -> any any (msg: "[PT OPEN] Metasploit MS17-010 ETERNALCHAMPION Successful kernel data leak (CVE-2017-0146)"; flow: established, from_server; content: "|FF|SMB|A0|"; content: "Frag"; within: 115; flowbits: isset, EternalRomance.RaceCondition.Attempt; reference: cve, 2017-0146; reference: url, github.com/rapid7/metasploit-framework/commit/c9473f8cbc147fe6ff7fe27862fd3d1e9f27c4f5; reference: url, blogs.technet.microsoft.com/srd/2017/06/29/eternal-champion-exploit-analysis; classtype: attempted-admin; sid: 10001720; rev: 1;)

====================ETERNALROMANCE
add : alert smb any any -> $HOME_NET any (msg: "[PT OPEN] Metasploit MS17-010 ETERNALROMANCE exploitation (CVE-2017-0143)"; flow: established, to_server; content: "|FF|SMB|A1|"; content: "|FF|SMB|A0|"; distance: 0; content: "|05 00|"; distance: 64; within: 2; content: "|FF|SMB|25|"; distance: 13; within: 5; content: "|FF|SMB|25|"; distance: 67; within: 5; content: "|FF|SMB|25|"; distance: 67; within: 5;  content: "|FF|SMB|25|"; distance: 67; within: 5;  content: "|FF|SMB|25|"; distance: 67; within: 5;  content: "|FF|SMB|25|"; distance: 67; within: 5;  content: "|FF|SMB|25|"; distance: 67; within: 5;  content: "|FF|SMB|25|"; distance: 67; within: 5;  content: "|FF|SMB|25|"; distance: 67; within: 5; content: "|FF|SMB|25|"; distance: 67; within: 5; content: "|FF|SMB|25|"; distance: 67; within: 5; content: "|FF|SMB|25|"; distance: 67; within: 5; threshold: type both, track by_src, count 1, seconds 60; reference: cve, 2017-0143; reference: url, github.com/rapid7/metasploit-framework/commit/c9473f8cbc147fe6ff7fe27862fd3d1e9f27c4f5; reference: url, www.crowdstrike.com/blog/badrabbit-ms17-010-exploitation-part-one-leak-and-control; classtype: attempted-admin; sid: 10001723; rev: 1; )

====================
add : alert smb any any -> $HOME_NET any (msg: "[PT OPEN] Flowbits for SMB NTTrans Request"; flow: established, to_server, no_stream; content: "|FF|SMB|A0|"; flowbits: set, SMB.NTTrans.Req; flowbits: unset, SMB.NTTrans2.Req; flowbits: noalert; classtype: attempted-admin; sid: 10001724; rev: 1; )

====================ETERNALBLUE
add : alert smb any any -> $HOME_NET any (msg: "[PT OPEN] Metasploit MS17-010 ETERNALBLUE Exploitation (CVE-2017-0144)"; flow: established, to_server, no_stream; content: "|FF|SMB|33|"; byte_test: 2, >, 61000, 42, relative, little; flowbits: isset, SMB.NTTrans.Req; flowbits: isnotset, SMB.NTTrans2.Req; reference: cve, 2017-0144; reference: url, github.com/rapid7/metasploit-framework/commit/c9473f8cbc147fe6ff7fe27862fd3d1e9f27c4f5; classtype: attempted-admin; sid: 10001726; rev: 1; )

====================git里用ssh://导致的RCE， 三条
add : alert tcp any any -> $HOME_NET any (msg: "[PT OPEN] SVN/Git Remote Code Execution through malicious (svn+,git+)ssh:// URL (Multiple CVEs)"; flow: established; content: "ssh://-"; nocase; pcre: "/\S{3}/Rsi"; reference: cve, 2017-9800; reference: cve, 2017-12426; reference: cve, 2017-1000116; reference: cve, 2017-1000117; reference: url, subversion.apache.org/security/CVE-2017-9800-advisory.txt; classtype: attempted-admin; sid: 10001756; rev: 3; )

====================
add : alert tcp any [3690, 9418] <> any any (msg: "[PT OPEN] SVN/Git Remote Code Execution through malicious (svn+,git+)ssh:// URL (Multiple CVEs)"; flow: established; content: "ssh://"; nocase; pcre: "/ssh:\/\/(?:[^@\s]+@)?(?:[\w\:\.\-\[\]\@]+[^\w\:\.\-\[\]\@\/\ ]|[^\w\:\.\-\[\]\@\/\ ][\w\:\.\-\[\]\@])/i"; reference: cve, 2017-9800; reference: cve, 2017-12426; reference: cve, 2017-1000116; reference: cve, 2017-1000117; reference: url, subversion.apache.org/security/CVE-2017-9800-advisory.txt; classtype: attempted-admin; sid: 10001757; rev: 3; )

====================
add : alert http any any -> $HOME_NET any (msg: "[PT OPEN] SVN/Git Remote Code Execution through malicious (svn+,git+)ssh:// URL (Multiple CVEs)"; flow: established, from_server; content: "30"; http_stat_code; depth: 2; content: "Location:"; http_header; nocase; content: "ssh://"; nocase; http_header; distance: 0; pcre: "/ssh:\/\/(?:[^@\s]+@)?(?:[\w\:\.\-\[\]\@]+[^\w\:\.\-\[\]\@\/\ ]|[^\w\:\.\-\[\]\@\/\ ][\w\:\.\-\[\]\@])/Hi"; reference: cve, 2017-9800; reference: cve, 2017-12426; reference: cve, 2017-1000116; reference: cve, 2017-1000117; reference: url, subversion.apache.org/security/CVE-2017-9800-advisory.txt; classtype: attempted-admin; sid: 10001763; rev: 2; )


====================这一条与web_server.rules里重复，故去掉
 : alert http $HOME_NET any -> any any (msg: "[PT OPEN] Apache2 <2.2.34 <2.4.27 Optionsbleed (CVE-2017-9798) Leak"; flow: established, from_server; content: "Allow:"; nocase; http_header; pcre: "/Allow:(?: ,|[^\r\n]*(?:[^A-Za-z0-9,\s-_]|,,))/Hi"; threshold: type limit, track by_src, count 1, seconds 10; reference: cve, 2017-9798; reference: url, blog.fuzzing-project.org/60-Optionsbleed-HTTP-OPTIONS-method-can-leak-Apaches-server-memory.html; classtype: attempted-recon; sid: 10001947; rev: 3; )

====================这一条与web_server.rules里重复，故去掉
add : alert http any any -> $HOME_NET any (msg: "[PT OPEN] Apache2 <2.2.34 <2.4.27 Optionsbleed (CVE-2017-9798) Attempt"; flow: established, to_server; content: "OPTIONS"; http_method; threshold: type both, track by_src, count 20, seconds 30; reference: cve, 2017-9798; reference: url, blog.fuzzing-project.org/60-Optionsbleed-HTTP-OPTIONS-method-can-leak-Apaches-server-memory.html; classtype: attempted-recon; sid: 10001948; rev: 1; )

====================Creating Processes Remotely using WMI 执行可疑命令，两条
add : alert tcp any any -> $HOME_NET any (msg: "[PT OPEN] Remote WMI Win32_Process create"; flow: established, to_server; content: "|05 00 00|"; depth: 3; content: "W|00|i|00|n|00|3|00|2|00|_|00|P|00|r|00|o|00|c|00|e|00|s|00|s|00 00 00|"; fast_pattern; content: "c|00|r|00|e|00|a|00|t|00|e|00|"; distance: 16; within: 12; nocase; content: "MEOW"; distance: 20; within: 4; content: "object:Win32_ProcessStartup"; distance: 0; flowbits: set, WMI.Win32_Process.Create; threshold: type limit, track by_src, count 1, seconds 10; classtype: attempted-admin; sid: 10001999; rev: 2; )

====================
add : alert tcp any any -> $HOME_NET any (msg: "[PT OPEN] Suspicious Remote WMI Win32_Process create"; flow: established, to_server; content: "__PARAMETERS|00 00|"; content: "http://"; distance: 0; pcre: "/__PARAMETERS\x00\x00[^\x00]+?(?:cmd|powershell)[^\x00]+?http:\/\//"; flowbits: isset, WMI.Win32_Process.Create; classtype: attempted-admin; sid: 10002000; rev: 2; )

====================https://blogs.technet.microsoft.com/nathangau/2016/12/15/using-scom-to-detect-overpass-the-hash-attacks/
add : alert tcp $HOME_NET any -> $DC_SERVERS 88 (msg: "[PT OPEN] Overpass the hash. Encryption downgrade activity to ARCFOUR-HMAC-MD5"; flow: no_stream, established, to_server; content: "|A1 03 02 01 05 A2 03 02 01 0A|"; offset: 12; depth: 10; content: "|A1 03 02 01 02|"; distance: 5; within: 6; content: "|A0 03 02 01 17|"; distance: 6; within: 6; content: "krbtgt"; distance: 0;  xbits: set, Krb5.AsReq, track ip_src, expire: 10; classtype: attempted-user; sid: 10002228; rev: 1; )

====================检测PowerShsell Empire的HTTP包 两条
add : alert http $HOME_NET any -> $EXTERNAL_NET any  (msg: "[PTsecurity] PowerShell Empire Request HTTP Pattern"; flow: established, to_server; content: "POST"; http_method; content: "HTTP/1.1|0d0a|Cookie: session="; depth:1000; fast_pattern; content: "=|0d0a|User-Agent: Mozilla"; distance:27; within:400; content: "Host: "; within:400; content: "Content-Length: 462|0d0a|"; within: 400; content:!"Referer|3a|"; http_header; content: !"Content-Type: "; http_header; classtype: trojan-activity; metadata: id_399044,created_at 2017_11_21; sid: 10002268; rev: 2;)

====================
add : alert http $EXTERNAL_NET any -> $HOME_NET any (msg: "[PTsecurity] PowerShell Empire stager receive over HTTP";flow: established, to_client; content:"200"; http_stat_code; content: "If($PSVersionTable.PSVersion.Major -ge 3){"; http_server_body; nocase; depth: 1000; content: "$GPS=[ref].Assembly.GetType("; http_server_body; nocase; within: 100; content: "System.Management.Automation.Utils"; http_server_body; within: 100; threshold: type limit, track by_src, count 1, seconds 30; classtype: trojan-activity; metadata: id_377596,created_at 2017_11_22; sid: 10002269; rev: 1;)

====================java反序列化
add : alert tcp $HOME_NET 5672 -> $HOME_NET any (msg: "[PT OPEN] Spring AMQP <1.7.4, 1.6.11, 1.5.7 Java Object Deserialization RCE (CVE--2017-8045)"; flow: established, no_stream; content: "application/x-java-serialized-object"; nocase; content: "|03|"; distance: 1; within: 1; content: "java."; distance: 0; pcre: "/application/x-java-serialized-object.{0,110}(?:org\.(?:apache\.|springframework\.|jboss\.|hibernate\.)|java(?:x\.management\.|\.rmi\.)|com\.sun\.|sun\.reflect\.)/"; reference: cve, 2017-8045; reference: url, pivotal.io/security/cve-2017-8045; classtype: attempted-admin; sid: 10002274; rev: 1; )

====================Exim UAF漏洞，远程代码执行
add : alert smtp any any -> $HOME_NET any (msg: "[PT OPEN] Exim 4.88, 4.89 UAF RCE Attempt (CVE-2017-16943)"; flow: established, to_server; content: "BDAT"; content: "BDAT"; within: 10; pcre: "/BDAT\s*\D[^\n\r]*[\n\r][^\n\r]{100}/"; reference: cve, 2017-16943; reference: url, bugs.exim.org/show_bug.cgi?id=2199; classtype: attempted-admin; sid: 10002280; rev: 2; )

====================exim Base64 Overflow RCE 
add : alert tcp any any -> $HOME_NET 25 (msg: "[PT OPEN] Exim <4.90.1 Base64 Overflow RCE (CVE-2018-6789)"; flow: established, to_server, only_stream; content: "|0D 0A|AUTH"; pcre: "/AUTH\s+\S+\s+(?:[a-zA-Z0-9\+\/=]{4})*+[a-zA-Z0-9\+\/=]{3}\s/"; reference: cve, 2018-6789; reference: url, https://devco.re/blog/2018/03/06/exim-off-by-one-RCE-exploiting-CVE-2018-6789-en/; classtype: attempted-admin; sid: 10002643; rev: 3; )


====================wordpress
add : alert http any any -> $HOME_NET any (msg: "[PT OPEN] WordPress Plugin LearnDash LMS <2.5.4 Arbitrary file upload"; flow: established, to_server; content: "POST"; http_method; content: "multipart/form-data"; http_header; content: "course_id"; http_client_body; content: "uploadfile"; http_client_body; content: "uploadfiles[]"; http_client_body; content: "filename"; http_client_body; distance: 0; content: ".php.php"; http_client_body; distance: 0; pcre: "/\.php\.php\s*[\"\']/P"; reference: url, seclists.org/fulldisclosure/2018/Jan/37; classtype: attempted-admin; sid: 10002405; rev: 2; )

====================SAP NetWeaver是下一代基于服务的平台，它将作为未来所有SAP应用程序的基础
add : alert http any any -> $HOME_NET any (msg: "[PT OPEN] SAP NetWeaver AS Java UDDI 7.11-7.50 SQL Injection (CVE-2016-2386)"; flow: established, to_server; content: "POST"; http_method; content: "/UDDISecurityService/UDDISecurityImplBean"; http_uri; fast_pattern; content: "permissionId"; http_client_body; content: "|27|"; http_client_body; distance: 0; pcre: "/permissionId\s*>[^<]+?\x27/Pi"; reference: cve, 2016-2386; reference: url, github.com/vah13/SAP_exploit; classtype: attempted-recon; sid: 10002408; rev: 1; )

====================内存冲突漏洞 三条 https://github.com/BigNerd95/Chimay-Red
add : alert http any any -> any any (msg: "[PT OPEN] Microtik Router OS 6.38.4 Stack Clash RCE"; flow: established, to_server; content: "POST"; http_method; content: "/jsproxy"; http_uri; fast_pattern; content: "Content-Length: "; http_header; content: !"|0D|"; within: 5; http_header; xbits: set, RouterOS.StackClash.POST2, track ip_src, expire 10; flowbits: noalert; reference: url, https://github.com/BigNerd95/Chimay-Red; classtype: attempted-admin; sid: 10002456; rev: 1; )

====================
add : alert tcp any any -> any any (msg: "[PT OPEN] Microtik Router OS 6.38.4 Stack Clash RCE"; flow: established, to_server, no_stream; content: "|24 50 00 00 26 04 00 40 AE 04 FF F0 26 11 00 50 AE 11 FF F4 26 11 00 60 AE 11 FF F8 22 05 FF F0 22 06 FF FC 24 02 0F AB 00 00 00 0C|"; content: "/bin"; within: 30; xbits: isset, RouterOS.StackClash.POST2, track ip_src; reference: url, https://github.com/BigNerd95/Chimay-Red; classtype: attempted-admin; sid: 10002457; rev: 1; )

====================
add : alert http any any -> any any (msg: "[PT OPEN] Possible Microtik Router OS 6.38.4 Stack Clash RCE"; flow: established, to_server; content: "POST"; http_method; content: "/jsproxy"; http_uri; fast_pattern; content: "Content-Length: "; http_header; content: !"|0D|"; within: 6; http_header; byte_test: 0, =, 167936, 0, relative, string; threshold: type both, track by_src, count 2, seconds 5; reference: url, https://github.com/BigNerd95/Chimay-Red; classtype: attempted-admin; sid: 10002459; rev: 1; )

====================Dnsmasq 三条
add : alert icmp any any -> any any (msg: "[PT OPEN] Dnsmasq <2.78 Heap Based Buffer Overflow (CVE-2017-14492)"; itype:133; icode: 0; content: "|01|"; offset: 4; depth: 1; byte_test: 1, >, 150, 0, relative; isdataat:1500, relative; reference: cve, 2017-14492; reference: url, security.googleblog.com/2017/10/behind-masq-yet-more-dns-and-dhcp.html; classtype: attempted-admin; sid: 10002469; rev: 2; )

====================
add : alert udp any any -> any 547 (msg: "[PT OPEN] Possible Dnsmasq <2.78 DHCPv6 Link Layer Address Stack Overflow (CVE-2017-14493)"; flow: no_stream; content: "|0C|"; depth: 1; content: "|00 4F|"; distance: 33; within: 2; byte_test: 2, >, 16, 0, relative, big; isdataat:18,relative; reference: cve, 2017-14493; reference: url, security.googleblog.com/2017/10/behind-masq-yet-more-dns-and-dhcp.html; classtype: attempted-admin; sid: 10002473; rev: 1; )

====================
add : alert udp any any -> any 547 (msg: "[PT OPEN] Possible Dnsmasq <2.78 DHCPv6 Sensitive info leak (CVE-2017-14494)"; flow: no_stream; content: "|0C|"; depth: 1; content: "|00 09|"; distance: 33; within: 2; content: "|00 01|"; distance: 24; within: 2; byte_test: 2, >, 2, 0, relative, big; isdataat:!3,relative; reference: cve, 2017-14494; reference: url, security.googleblog.com/2017/10/behind-masq-yet-more-dns-and-dhcp.html; classtype: attempted-recon; sid: 10002475; rev: 1; )

====================DNS Rebinding 三条
add : alert udp any 53 -> $HOME_NET any (msg: "[PT OPEN] DNS Rebinding attack in progress"; flow: established, from_server; content: "|00 01 00 01|"; offset: 4; depth: 4; content: "|00 01 00 01 00 00 00 00 00 04|"; distance: 0; content: !"|7F|"; within: 1; xbits: set, DNSREBINDING.NON_LOCALHOST, track ip_pair, expire 10; flowbits: noalert; classtype: attempted-admin; sid: 10002488; rev: 2; )

====================
add : alert udp any 53 -> $HOME_NET any (msg: "[PT OPEN] DNS Rebinding attack in progress"; flow: established, from_server; content: "|00 01 00 01|"; offset: 4; depth: 4; content: "|00 01 00 01 00 00 00 00 00 04 7F 00 00 01|"; distance: 0; xbits: isset, DNSREBINDING.NON_LOCALHOST, track ip_pair; threshold: type both, track by_src, count 1, seconds 30; classtype: attempted-admin; sid: 10002489; rev: 1; )

====================
add : alert udp any 53 -> $HOME_NET any (msg: "[PT OPEN] Possible DNS Rebinding attack"; flow: established, from_server; content: "|00 01 00 01|"; offset: 4; depth: 4; content: "|00 01 00 01 00 00 00 00 00 04 7F 00 00 01|"; distance: 0; threshold: type both, track by_src, count 1, seconds 30; classtype: attempted-admin; sid: 10002490; rev: 1; )

====================Electron 两条
add : alert http any any -> $HOME_NET any (msg: "[PT ATTACK] GitHub Electron <1.8.2-beta.4, <1.7.11, <1.6.16 protocol handler RCE (CVE-2018-1000006)"; flow: established, from_server; content: "://"; content: "--gpu-launcher="; nocase; pcre: "/(powershell|cmd|python|bash|\.exe)/i"; reference: cve, 2018-1000006; reference: url, electronjs.org/blog/protocol-handler-fix; classtype: attempted-admin; sid: 10002500; rev: 2; )

====================
add : alert http any any -> $HOME_NET any (msg: "[PT ATTACK] GitHub Electron <1.8.2-beta.4, <1.7.11, <1.6.16 protocol handler RCE (CVE-2018-1000006)"; flow: established, from_server; content: "://"; content: "-cmd-prefix="; nocase; pcre: "/(powershell|cmd|python|bash|\.exe)/i"; reference: cve, 2018-1000006; reference: url, electronjs.org/blog/protocol-handler-fix; classtype: attempted-admin; sid: 10002501; rev: 3; )

====================  DCShadow attack 四条， 非常好的文章
add : alert tcp !$DC_SERVERS any -> $DC_SERVERS [1024:] (msg: "[PT OPEN] DCShadow Replication Attempt"; flow: established, to_server; content: "|05 00 0B|"; depth: 3; content: "|35 42 51 E3 06 4B D1 11 AB 04 00 C0 4F C2 DC D2|"; distance: 0; flowbits: set, RPC.Bind.DRSUAPI; flowbits: noalert; reference: url, blog.alsid.eu/dcshadow-explained-4510f52fc19d; classtype: attempted-admin; sid: 10002557; rev: 2; )

====================
add : alert tcp !$DC_SERVERS any -> $DC_SERVERS [1024:] (msg: "[PT OPEN] DCShadow Replication Attempt - DRSUAPI_REPLICA_ADD from non-DC"; flow: established, to_server, no_stream; content: "|05 00 00 03|"; depth: 4; content: "|05 00|"; distance: 18; within: 2; flowbits: isset, RPC.Bind.DRSUAPI; reference: url, blog.alsid.eu/dcshadow-explained-4510f52fc19d; classtype: attempted-admin; sid: 10002558; rev: 1; )

====================
add : alert tcp !$DC_SERVERS any -> $DC_SERVERS 389 (msg: "[PT OPEN] DCShadow: Fake DC Creation"; flow: established, to_server; content: "|68 84 00|"; content: "CN="; distance: 5; within: 3; content: "CN=Servers,CN="; distance: 0; content: ",CN=Sites,CN=Configuration,DC="; distance: 0; content: "objectClass"; distance: 0; content: "server"; distance: 0; reference: url, blog.alsid.eu/dcshadow-explained-4510f52fc19d; classtype: attempted-admin; sid: 10002559; rev: 2; )

====================
add : #alert dcerpc any any -> $HOME_NET any (msg: "[PT OPEN] DCShadow Replication Attempt - DRSUAPI_REPLICA_ADD"; flow: established; dce_iface: e3514235-4b06-11d1-ab04-00c04fc2dcd2; dce_opnum: 5; reference: url, blog.alsid.eu/dcshadow-explained-4510f52fc19d; classtype: attempted-admin; sid: 10002570; rev: 1; )


====================
process end 2018-03-09 12:15:30
