====================
Now comparing emerging-attack_response.rules
file exist, opening : C:/Users/muhe/Desktop/links/wirte/Ali0thNotes/Protocols Security/script/suricata rules update management/emerging-attack_response.rules
====================
start compare_sid  2018-03-09 00:33:34
====================
start compare sid_list1 to 2, sid_list1 len is 159, sid_list2 len is 165 2018-03-09 00:33:34
====================
local : alert http $HOME_NET any -> [72.20.18.2,72.20.18.3] any (msg:"ET ATTACK_RESPONSE Zone-H.org defacement notification"; flow: established,to_server; content:"POST"; http_method; content:"/notify/"; http_uri; pcre:"/\/notify\/(single|mass)$/iU"; content:"defacer|3d|"; http_client_body; depth:8; reference:url,doc.emergingthreats.net/bin/view/Main/2001616; classtype:trojan-activity; sid:2001616; rev:13;)

official : alert http [$HOME_NET,$HTTP_SERVERS] any -> $EXTERNAL_NET any (msg:"ET ATTACK_RESPONSE Zone-H.org defacement notification"; flow:established,to_server; content:"POST"; http_method; content:"/notify/"; http_uri; pcre:"/\/notify\/(single|mass)$/iU"; content:"defacer|3d|"; http_client_body; depth:8; fast_pattern; metadata: former_category ATTACK_RESPONSE; reference:url,doc.emergingthreats.net/bin/view/Main/2001616; classtype:trojan-activity; sid:2001616; rev:14; metadata:created_at 2010_07_30, updated_at 2017_12_20;)

====================
local : alert tcp $EXTERNAL_NET any -> $HOME_NET any (msg:"ET ATTACK_RESPONSE Metasploit Meterpreter Reverse HTTPS certificate"; flow:from_server,established; content:"|A3 0D 30 0B 30 09 06 03 55 1D 13 04 02 30 00|"; fast_pattern:only; content:!"|06|ubuntu"; content:"|16 03 03|"; pcre:"/^..\x0B.{9}\x30\x82..\x30\x82..\xA0\x03\x02\x01\x02\x02(?:\x09.{9}|\x08.{8})/Rs"; content:"|30 0D 06 09 2A 86 48 86 F7 0D 01 01 0B 05 00 30|"; within:16; pcre:"/^.\x31.\x30.\x06\x03\x55\x04\x03\x0C.([a-z]{2,9})\x30.\x17\x0D[0-9]{12}Z\x17\x0D[0-9]{12}Z\x30.\x31.\x30.\x06\x03\x55\x04\x03\x0C.\g{1}\x30\x82../Rs"; content:"|30 0D 06 09 2A 86 48 86 F7 0D 01 01 01 05 00 03 82|"; within:17; pcre:"/^...\x30\x82..\x02\x82...{256,257}/Rs"; content:"|02 03 01 00 01 A3 0D 30 0B 30 09 06 03 55 1D 13 04 02 30 00 30 0D 06 09 2A 86 48 86 F7 0D 01 01 0B 05 00|"; within:36; reference:url,blog.didierstevens.com/2015/05/11/detecting-network-traffic-from-metasploits-meterpreter-reverse-http-module; classtype:trojan-activity; sid:2021178; rev:4;)

official : alert tcp $EXTERNAL_NET any -> $HOME_NET any (msg:"ET ATTACK_RESPONSE Metasploit Meterpreter Reverse HTTPS certificate"; flow:from_server,established; content:"|A3 0D 30 0B 30 09 06 03 55 1D 13 04 02 30 00|"; fast_pattern:only; content:"|16 03 03|"; pcre:"/^..\x0B.{9}\x30\x82..\x30\x82..\xA0\x03\x02\x01\x02\x02(?:\x09.{9}|\x08.{8})/Rs"; content:"|30 0D 06 09 2A 86 48 86 F7 0D 01 01 0B 05 00 30|"; within:16; pcre:"/^.\x31.\x30.\x06\x03\x55\x04\x03\x0C.([a-z]{2,9})\x30.\x17\x0D[0-9]{12}Z\x17\x0D[0-9]{12}Z\x30.\x31.\x30.\x06\x03\x55\x04\x03\x0C.\g{1}\x30\x82../Rs"; content:"|30 0D 06 09 2A 86 48 86 F7 0D 01 01 01 05 00 03 82|"; within:17; pcre:"/^...\x30\x82..\x02\x82...{256,257}/Rs"; content:"|02 03 01 00 01 A3 0D 30 0B 30 09 06 03 55 1D 13 04 02 30 00 30 0D 06 09 2A 86 48 86 F7 0D 01 01 0B 05 00|"; within:36; content:!"|06|ubuntu"; content:!"|04|mint"; reference:url,blog.didierstevens.com/2015/05/11/detecting-network-traffic-from-metasploits-meterpreter-reverse-http-module; classtype:trojan-activity; sid:2021178; rev:5; metadata:affected_product Any, attack_target Client_and_Server, deployment Perimeter, deployment Internet, deployment Internal, deployment Datacenter, tag Metasploit, signature_severity Critical, created_at 2015_06_03, updated_at 2017_01_20;)

====================
start compare sid_list2 to 1  2018-03-09 00:33:35
====================
add : alert http $HOME_NET any -> $EXTERNAL_NET any (msg:"ET ATTACK_RESPONSE WSO - WebShell Activity - WSO Title"; flow:established,to_client; file_data; content:"<title>"; content:" - WSO "; fast_pattern; distance:0; content:"</title>"; distance:0; metadata: former_category CURRENT_EVENTS; classtype:attempted-user; sid:2015905; rev:3; metadata:created_at 2012_11_21, updated_at 2018_01_08;)

====================
add : alert http $EXTERNAL_NET any -> $HOME_NET any (msg:"ET ATTACK_RESPONSE WSO - WebShell Activity - POST structure"; flow:established,to_server; content:"POST"; http_method; content:"&c="; http_client_body; content:"&p1="; http_client_body; content:"&p2="; http_client_body; content:"&p3="; http_client_body; fast_pattern; pcre:"/a=(?:S(?:e(?:lfRemove|cInfo)|tringTools|afeMode|ql)|(?:Bruteforc|Consol)e|FilesMan|Network|Logout|Php)/P"; metadata: former_category CURRENT_EVENTS; classtype:attempted-user; sid:2015906; rev:3; metadata:created_at 2012_11_21, updated_at 2018_01_08;)

====================
add : alert http $EXTERNAL_NET any -> $HTTP_SERVERS any (msg:"ET ATTACK_RESPONSE webr00t WebShell Access"; flow:established,to_server; content:"/?webr00t="; http_uri; metadata: former_category CURRENT_EVENTS; reference:url,blog.sucuri.net/2013/11/case-study-analyzing-a-wordpress-attack-dissecting-the-webr00t-cgi-shell-part-i.html; classtype:trojan-activity; sid:2017701; rev:4; metadata:created_at 2013_11_08, updated_at 2017_11_28;)

====================
add : alert http $EXTERNAL_NET any -> $HTTP_SERVERS any (msg:"ET ATTACK_RESPONSE PHP script in OptimizePress Upload Directory Possible WebShell Access"; flow:to_server,established; content:"/wp-content/uploads/optpress/images_"; http_uri; fast_pattern:16,20; content:".php"; http_uri; pcre:"/\/wp-content\/uploads\/optpress\/images\_(?:comingsoon|lncthumbs|optbuttons)\/.*?\.php/Ui"; metadata: former_category CURRENT_EVENTS; reference:url,blog.sucuri.net/2013/12/wordpress-optimizepress-theme-file-upload-vulnerability.html; classtype:attempted-admin; sid:2017854; rev:3; metadata:created_at 2013_12_13, updated_at 2017_11_28;)

====================
add : alert http $HOME_NET any -> $EXTERNAL_NET any (msg:"ET ATTACK_RESPONSE Linksys Router Returning Device Settings To External Source"; flow:established,from_server; file_data; content:"<GetDeviceSettingsResponse>"; content:"<GetDeviceSettingsResult>"; content:"<ModelName>"; metadata: former_category CURRENT_EVENTS; reference:url,isc.sans.edu/forums/diary/Linksys+Worm+TheMoon+Summary+What+we+know+so+far/17633; classtype:attempted-admin; sid:2018136; rev:3; metadata:created_at 2014_02_13, updated_at 2017_11_28;)

====================
add : alert http $EXTERNAL_NET any -> $HTTP_SERVERS any (msg:"ET ATTACK_RESPONSE 401TRG Perl DDoS IRCBot File Download"; flow:established,from_server; content:"|6d 79 20 24 70 72 6f 63 65 73 73 20 3d 20 24 72 70 73 5b 72 61 6e 64 20 73 63 61 6c 61 72 20 40 72 70 73 5d 3b|"; metadata: former_category ATTACK_RESPONSE; classtype:trojan-activity; sid:2024977; rev:2; metadata:affected_product Apache_HTTP_server, attack_target Web_Server, deployment Datacenter, signature_severity Major, created_at 2017_11_07, malware_family webshell, performance_impact Moderate, updated_at 2017_11_07;)

====================
process end 2018-03-09 00:33:38
