====================
Now comparing emerging-deleted.rules
downloading : https://rules.emergingthreats.net/open/suricata-4.0/rules/emerging-deleted.rules
empty file
====================
Now comparing emerging-dns.rules
downloading : https://rules.emergingthreats.net/open/suricata-4.0/rules/emerging-dns.rules
====================
start compare_sid  2018-03-09 01:54:03
====================
start compare sid_list1 to 2, sid_list1 len is 79, sid_list2 len is 80 2018-03-09 01:54:03
====================
local : #alert udp $HOME_NET any -> $EXTERNAL_NET 53 (msg:"ET DNS DNS Query for Suspicious .cz.cc Domain"; content:"|01 00 00 01 00 00 00 00 00 00|"; depth:10; offset:2; content:"|02|cz|02|cc|00|"; fast_pattern; nocase; distance:0; reference:url,sign.kaffenews.com/?p=104; classtype:bad-unknown; sid:2011410; rev:3;)

official : alert dns $HOME_NET any -> any any (msg:"ET DNS DNS Query for Suspicious .cz.cc Domain"; dns_query; content:".cz.cc"; isdataat:!1,relative; nocase; reference:url,sign.kaffenews.com/?p=104; classtype:bad-unknown; sid:2011410; rev:4; metadata:created_at 2010_09_27, updated_at 2010_09_27;)

====================
local : #alert udp $HOME_NET any -> $EXTERNAL_NET 53 (msg:"ET DNS DNS Query for a Suspicious *.co.tv domain"; content:"|01 00 00 01 00 00 00 00 00 00|"; depth:10; offset:2; content:"|02|co|02|tv"; fast_pattern; classtype:bad-unknown; sid:2012956; rev:3;)

official : alert dns $HOME_NET any -> any any (msg:"ET DNS DNS Query for a Suspicious *.co.tv domain"; dns_query; content:".co.tv"; nocase; isdataat:!1,relative; classtype:bad-unknown; sid:2012956; rev:4; metadata:created_at 2011_06_08, updated_at 2011_06_08;)

====================
local : #alert udp $HOME_NET any -> $EXTERNAL_NET 53 (msg:"ET DNS DNS Query for a Suspicious *.cu.cc domain"; content:"|01 00 00 01 00 00 00 00 00 00|"; depth:10; offset:2; content:"|02|cu|02|cc"; fast_pattern; classtype:bad-unknown; sid:2013172; rev:2;)

official : alert dns $HOME_NET any -> any any (msg:"ET DNS DNS Query for a Suspicious *.cu.cc domain"; dns_query; content:".cu.cc"; nocase; isdataat:!1,relative; classtype:bad-unknown; sid:2013172; rev:3; metadata:created_at 2011_07_02, updated_at 2011_07_02;)

====================
local : #alert udp $HOME_NET any -> $EXTERNAL_NET 53 (msg:"ET DNS Query for .su TLD (Soviet Union) Often Malware Related"; content:"|01 00 00 01 00 00 00 00 00 00|"; depth:10; offset:2; content:"|02|su|00|"; fast_pattern; distance:0; nocase; reference:url,www.abuse.ch/?p=3581; classtype:bad-unknown; sid:2014169; rev:1;)

official : alert dns $HOME_NET any -> any any (msg:"ET DNS Query for .su TLD (Soviet Union) Often Malware Related"; dns_query; content:".su"; nocase; isdataat:!1,relative; reference:url,www.abuse.ch/?p=3581; classtype:bad-unknown; sid:2014169; rev:2; metadata:created_at 2012_01_31, updated_at 2012_01_31;)

====================
local : #alert udp $HOME_NET any -> $EXTERNAL_NET 53 (msg:"ET DNS Query to a *.pw domain - Likely Hostile"; content:"|01 00 00 01 00 00 00 00 00 00|"; depth:10; offset:2; content:"|02|pw|00|"; fast_pattern; nocase; distance:0; content:!"|01|u|02|pw|00|"; nocase; classtype:bad-unknown; sid:2016778; rev:4;)

official : alert dns $HOME_NET any -> any any (msg:"ET DNS Query to a *.pw domain - Likely Hostile"; dns_query; content:".pw"; nocase; isdataat:!1,relative; content:!".u.pw"; isdataat:!1,relative; nocase;  classtype:bad-unknown; sid:2016778; rev:5; metadata:created_at 2013_04_19, updated_at 2013_04_19;)

====================
local : #alert udp $HOME_NET any -> any 53 (msg:"ET DNS Query to a *.top domain - Likely Hostile"; content:"|01 00 00 01 00 00 00 00 00 00|"; depth:10; offset:2; content:"|03|top|00|"; fast_pattern; nocase; distance:0; threshold:type limit, track by_src, count 1, seconds 30; reference:url,www.symantec.com/connect/blogs/shady-tld-research-gdn-and-our-2016-wrap; reference:url,www.spamhaus.org/statistics/tlds/; classtype:bad-unknown; sid:2023883; rev:1;)

official : alert dns $HOME_NET any -> any any (msg:"ET DNS Query to a *.top domain - Likely Hostile"; dns_query; content:".top"; nocase; isdataat:!1,relative; threshold:type limit, track by_src, count 1, seconds 30; reference:url,www.symantec.com/connect/blogs/shady-tld-research-gdn-and-our-2016-wrap; reference:url,www.spamhaus.org/statistics/tlds/; classtype:bad-unknown; sid:2023883; rev:2; metadata:affected_product Windows_XP_Vista_7_8_10_Server_32_64_Bit, attack_target Client_Endpoint, deployment Perimeter, signature_severity Major, created_at 2017_02_07, updated_at 2017_02_07;)

====================
start compare sid_list2 to 1  2018-03-09 01:54:04
====================
add : alert dns $HOME_NET any -> any any (msg:"ET DNS Query for Suspicious .gr.com Domain (gr .com in DNS Lookup)"; dns_query; content:".gr.com"; isdataat:!1,relative; metadata: former_category DNS; reference:url,www.domain.gr.com; classtype:bad-unknown; sid:2025146; rev:3; metadata:created_at 2017_12_12, updated_at 2017_12_18;)

====================
process end 2018-03-09 01:54:04
