====================
Now comparing emerging-p2p.rules
downloading : https://rules.emergingthreats.net/open/suricata-4.0/rules/emerging-p2p.rules
====================
start compare_sid  2018-03-09 02:05:40
====================
start compare sid_list1 to 2, sid_list1 len is 118, sid_list2 len is 118 2018-03-09 02:05:40
====================
local : #alert http $HOME_NET any -> $EXTERNAL_NET $HTTP_PORTS (msg:"ET P2P possible torrent download"; flow:to_server,established; content:".torrent"; nocase; http_uri; pcre:"/\.torrent$/Ui"; content:!"mapfactor.com"; http_header; reference:url,doc.emergingthreats.net/bin/view/Main/2007727; classtype:policy-violation; sid:2007727; rev:7;)

official : alert http $HOME_NET any -> $EXTERNAL_NET any (msg:"ET P2P possible torrent download"; flow:established,to_server; content:".torrent"; nocase; http_uri; isdataat:!1,relative; content:!"mapfactor.com"; http_host; metadata: former_category P2P; reference:url,doc.emergingthreats.net/bin/view/Main/2007727; classtype:policy-violation; sid:2007727; rev:8; metadata:created_at 2010_07_30, updated_at 2017_11_27;)

====================
local : #alert http $HOME_NET any -> $EXTERNAL_NET $HTTP_PORTS (msg:"ET P2P Bittorrent P2P Client User-Agent (Deluge 1.x.x)"; flow:to_server,established; content:"|0d 0a|User-Agent|3a| Deluge "; http_header; reference:url,deluge-torrent.org; reference:url,doc.emergingthreats.net/2011704; classtype:policy-violation; sid:2011704; rev:5;)

official : alert http $HOME_NET any -> $EXTERNAL_NET any (msg:"ET P2P Bittorrent P2P Client User-Agent (Deluge 1.x.x)"; flow:to_server,established; content:"Deluge"; http_user_agent; depth:6; reference:url,deluge-torrent.org; reference:url,doc.emergingthreats.net/2011704; classtype:policy-violation; sid:2011704; rev:6; metadata:created_at 2010_07_30, updated_at 2010_07_30;)

====================
local : #alert http $HOME_NET any -> $EXTERNAL_NET $HTTP_PORTS (msg:"ET P2P Bittorrent P2P Client User-Agent (Transmission/1.x)"; flow:to_server,established; content:"|0d 0a|User-Agent|3a| Transmission/"; reference:url,www.transmissionbt.com; reference:url,doc.emergingthreats.net/2011699; classtype:policy-violation; sid:2011699; rev:4;)

official : alert http $HOME_NET any -> $EXTERNAL_NET any (msg:"ET P2P Bittorrent P2P Client User-Agent (Transmission/1.x)"; flow:established,to_server; content:"Transmission/"; depth:13; http_user_agent; metadata: former_category P2P; reference:url,www.transmissionbt.com; reference:url,doc.emergingthreats.net/2011699; classtype:policy-violation; sid:2011699; rev:6; metadata:created_at 2010_07_30, updated_at 2017_11_27;)

====================
local : #alert http $HOME_NET any -> $EXTERNAL_NET $HTTP_PORTS (msg:"ET P2P Bittorrent P2P Client User-Agent (rTorrent)"; flow:to_server,established; content:"|0d 0a|User-Agent|3a| rtorrent/"; reference:url,libtorrent.rakshasa.no; reference:url,doc.emergingthreats.net/2011705; classtype:policy-violation; sid:2011705; rev:4;)

official : alert http $HOME_NET any -> $EXTERNAL_NET $HTTP_PORTS (msg:"ET P2P Bittorrent P2P Client User-Agent (rTorrent)"; flow:to_server,established; content:"rtorrent/"; depth:9; http_user_agent; reference:url,libtorrent.rakshasa.no; reference:url,doc.emergingthreats.net/2011705; classtype:policy-violation; sid:2011705; rev:5; metadata:created_at 2010_07_30, updated_at 2010_07_30;)

====================
local : #alert http $HOME_NET any -> $EXTERNAL_NET $HTTP_PORTS (msg:"ET P2P BTWebClient UA uTorrent in use"; flow:established,to_server; content:"User-Agent|3a| BTWebClient"; http_header; classtype:policy-violation; sid:2012247; rev:3;)

official : alert http $HOME_NET any -> $EXTERNAL_NET $HTTP_PORTS (msg:"ET P2P BTWebClient UA uTorrent in use"; flow:established,to_server; content:"BTWebClient"; http_user_agent; classtype:policy-violation; sid:2012247; rev:4; metadata:created_at 2011_01_27, updated_at 2011_01_27;)

====================
start compare sid_list2 to 1  2018-03-09 02:05:42
====================
process end 2018-03-09 02:05:42
