====================
Now comparing emerging-policy.rules
downloading : https://rules.emergingthreats.net/open/suricata-4.0/rules/emerging-policy.rules
====================
start compare_sid  2018-03-09 02:06:20
====================
start compare sid_list1 to 2, sid_list1 len is 820, sid_list2 len is 854 2018-03-09 02:06:20
====================
local : #alert tcp $EXTERNAL_NET any -> $HTTP_SERVERS $HTTP_PORTS (msg:"ET POLICY External Unencrypted Connection to BASE Console"; flow:to_server,established; content:"/base_main.php"; http_uri; reference:url,base.secureideas.net; reference:url,doc.emergingthreats.net/bin/view/Main/2008570; classtype:misc-activity; sid:2008570; rev:3;)

official : alert http $EXTERNAL_NET any -> $HTTP_SERVERS any (msg:"ET POLICY External Unencrypted Connection to BASE Console"; flow:to_server,established; content:"/base_main.php"; http_uri; reference:url,base.secureideas.net; reference:url,doc.emergingthreats.net/bin/view/Main/2008570; classtype:misc-activity; sid:2008570; rev:4; metadata:created_at 2010_07_30, updated_at 2010_07_30;)

====================
local : #alert http $EXTERNAL_NET any -> $HOME_NET any (msg:"ET POLICY Incoming Basic Auth Base64 HTTP Password detected unencrypted"; flow:established,to_server; content:"|0d 0a|Authorization|3a 20|Basic"; nocase; content:!"YW5vbnltb3VzOg=="; within:32; threshold: type both, count 1, seconds 300, track by_src; reference:url,doc.emergingthreats.net/bin/view/Main/2006402; classtype:policy-violation; sid:2006402; rev:10;)

official : alert http $EXTERNAL_NET any -> $HOME_NET any (msg:"ET POLICY Incoming Basic Auth Base64 HTTP Password detected unencrypted"; flow:established,to_server; content:"|0d 0a|Authorization|3a 20|Basic"; http_header; nocase; content:!"YW5vbnltb3VzOg=="; within:32; threshold: type both, count 1, seconds 300, track by_src; reference:url,doc.emergingthreats.net/bin/view/Main/2006402; classtype:policy-violation; sid:2006402; rev:11; metadata:created_at 2010_07_30, updated_at 2010_07_30;)

====================
local : #alert tcp $EXTERNAL_NET any -> $HOME_NET any (msg:"ET POLICY PE EXE or DLL Windows file download"; flow:established,to_client; content:"MZ"; byte_jump:4,58,relative,little; content:"PE|00 00|"; distance:-64; within:4; flowbits:set,ET.http.binary; reference:url,doc.emergingthreats.net/bin/view/Main/2000419; classtype:policy-violation; sid:2000419; rev:22;)

official : #alert tcp $EXTERNAL_NET any -> $HOME_NET any (msg:"ET POLICY PE EXE or DLL Windows file download Non-HTTP"; flow:established,to_client; content:"MZ"; byte_jump:4,58,relative,little; content:"PE|00 00|"; distance:-64; within:4; app-layer-protocol:!http; metadata: former_category POLICY; reference:url,doc.emergingthreats.net/bin/view/Main/2000419; classtype:policy-violation; sid:2000419; rev:24; metadata:created_at 2010_07_30, performance_impact Significant, updated_at 2018_01_09;)

====================
local : #alert tcp $HOME_NET any -> $EXTERNAL_NET $HTTP_PORTS (msg:"ET POLICY Internal Host Retrieving External IP via whatismyip.com Automation Page - Possible Infection"; flow:established,to_server; content:"/automation/n09230945.asp"; http_uri; reference:url,doc.emergingthreats.net/2008985; classtype:attempted-recon; sid:2008985; rev:3;)

official : alert http $HOME_NET any -> $EXTERNAL_NET any (msg:"ET POLICY Internal Host Retrieving External IP via whatismyip.com Automation Page - Possible Infection"; flow:established,to_server; content:"/automation/n09230945.asp"; http_uri; reference:url,doc.emergingthreats.net/2008985; classtype:attempted-recon; sid:2008985; rev:4; metadata:created_at 2010_07_30, updated_at 2010_07_30;)

====================
local : #alert http $HOME_NET any -> $EXTERNAL_NET any (msg:"ET POLICY Internal Host Retrieving External IP via whatismyip.com - Possible Infection"; flow:established,to_server; content:"GET"; http_method; content:"Host|3a| "; http_header; content:"whatismyip."; within:15; http_header; classtype:attempted-recon; sid:2008986; rev:5;)

official : alert http $HOME_NET any -> $EXTERNAL_NET any (msg:"ET POLICY Internal Host Retrieving External IP via whatismyip.com - Possible Infection"; flow:established,to_server; content:"GET"; http_method; content:"whatismyip."; http_host; classtype:attempted-recon; sid:2008986; rev:6; metadata:created_at 2010_07_30, updated_at 2010_07_30;)

====================
local : #alert tcp $HOME_NET any -> $EXTERNAL_NET $HTTP_PORTS (msg:"ET POLICY Internal Host Retrieving External IP via cmyip.com - Possible Infection"; flow:established,to_server; content:"GET"; http_method; content:"cmyip."; http_header; reference:url,doc.emergingthreats.net/2008988; classtype:attempted-recon; sid:2008988; rev:4;)

official : alert tcp $HOME_NET any -> $EXTERNAL_NET $HTTP_PORTS (msg:"ET POLICY Internal Host Retrieving External IP via cmyip.com - Possible Infection"; flow:established,to_server; content:"GET"; http_method; content:"cmyip.com"; http_host; fast_pattern; isdataat:!1,relative; reference:url,doc.emergingthreats.net/2008988; classtype:attempted-recon; sid:2008988; rev:5; metadata:created_at 2010_07_30, updated_at 2010_07_30;)

====================
local : #alert tcp $HOME_NET any -> $EXTERNAL_NET $HTTP_PORTS (msg:"ET POLICY Internal Host Retrieving External IP via ipchicken.com - Possible Infection"; flow:established,to_server; content:"GET"; http_method; content:".ipchicken.com"; http_header; reference:url,doc.emergingthreats.net/2009020; classtype:attempted-recon; sid:2009020; rev:3;)

official : alert http $HOME_NET any -> $EXTERNAL_NET any (msg:"ET POLICY Internal Host Retrieving External IP via ipchicken.com - Possible Infection"; flow:established,to_server; content:"GET"; http_method; content:".ipchicken.com"; http_host; reference:url,doc.emergingthreats.net/2009020; classtype:attempted-recon; sid:2009020; rev:4; metadata:created_at 2010_07_30, updated_at 2010_07_30;)

====================
local : #alert tcp $EXTERNAL_NET any -> $HOME_NET 1024:65535 (msg:"ET POLICY Radmin Remote Control Session Setup Initiate"; flow:established,to_server; content:"|01 00 00 00 01 00 00 00 08 08|"; flowbits:set,BE.Radmin.Challenge; reference:url,www.radmin.com; reference:url,doc.emergingthreats.net/2003479; classtype:not-suspicious; sid:2003479; rev:5;)

official : #alert tcp $EXTERNAL_NET any -> $HOME_NET 1024:65535 (msg:"ET POLICY Radmin Remote Control Session Setup Initiate"; flow:established,to_server; content:"|01 00 00 00 01 00 00 00 08 08|"; flowbits:set,ET.BE.Radmin.Challenge; metadata: former_category POLICY; reference:url,www.radmin.com; reference:url,doc.emergingthreats.net/2003479; classtype:not-suspicious; sid:2003479; rev:6; metadata:created_at 2010_07_30, updated_at 2017_04_21;)

====================
local : #alert tcp any any -> $HOME_NET [139,445] (msg:"ET POLICY PsExec service created"; flow:to_server,established; content:"|5c 00 50 00 53 00 45 00 58 00 45 00 53 00 56 00 43 00 2e 00 45 00 58 00 45|"; reference:url,xinn.org/Snort-psexec.html; reference:url,doc.emergingthreats.net/2010781; classtype:suspicious-filename-detect; sid:2010781; rev:2;)

official : alert tcp any any -> $HOME_NET [139,445] (msg:"ET POLICY PsExec service created"; flow:to_server,established; content:"P|00|S|00|E|00|X|00|E|00|S|00|V|00|C"; nocase; reference:url,xinn.org/Snort-psexec.html; reference:url,doc.emergingthreats.net/2010781; classtype:suspicious-filename-detect; sid:2010781; rev:3; metadata:created_at 2010_07_30, updated_at 2010_07_30;)

====================
local : #alert http $HOME_NET any -> $EXTERNAL_NET any (msg:"ET POLICY Win32/Sogou User-Agent (SOGOU_UPDATER)"; flow:established,to_server; content:"User-Agent|3a| SOGOU_UPDATER|0d 0a|"; nocase; http_header; reference:url,doc.emergingthreats.net/2011719; reference:url,microsoft.com/security/portal/threat/encyclopedia/entry.aspx?Name=Program%3aWin32%2fSogou; classtype:trojan-activity; sid:2011719; rev:7;)

official : alert http $HOME_NET any -> $EXTERNAL_NET any (msg:"ET POLICY Win32/Sogou User-Agent (SOGOU_UPDATER)"; flow:established,to_server; content:"SOGOU_UPDATER"; nocase; http_user_agent; depth:13; isdataat:!1,relative; reference:url,doc.emergingthreats.net/2011719; reference:url,microsoft.com/security/portal/threat/encyclopedia/entry.aspx?Name=Program%3aWin32%2fSogou; classtype:trojan-activity; sid:2011719; rev:8; metadata:created_at 2010_07_30, updated_at 2010_07_30;)

====================
local : #alert http $HOME_NET any -> $EXTERNAL_NET any (msg:"ET POLICY User-Agent (NSIS_Inetc (Mozilla)) - Sometimes used by hostile installers"; flow:to_server,established; content:"User-Agent|3a| NSIS|5f|Inetc |28|Mozilla|29|"; http_header; reference:url,doc.emergingthreats.net/2011227; classtype:trojan-activity; sid:2011227; rev:4;)

official : alert http $HOME_NET any -> $EXTERNAL_NET any (msg:"ET POLICY User-Agent (NSIS_Inetc (Mozilla)) - Sometimes used by hostile installers"; flow:established,to_server; content:"NSIS|5f|Inetc|20 28|Mozilla|29|"; http_user_agent; reference:url,doc.emergingthreats.net/2011227; classtype:trojan-activity; sid:2011227; rev:5; metadata:created_at 2010_07_30, updated_at 2010_07_30;)

====================
local : #alert http $HOME_NET any -> $EXTERNAL_NET any (msg:"ET POLICY Data POST to an image file (gif)"; flow:to_server,established; content:"POST"; http_method; content:".gif"; http_uri; fast_pattern:only; pcre:"/\.gif$/U"; pcre:"/POST\s[^\r\n]+?(?<!__utm)\.gif HTTP\/1\./"; content:!".tealiumiq.com"; http_header; reference:url,doc.emergingthreats.net/2010066; classtype:trojan-activity; sid:2010066; rev:11;)

official : alert http $HOME_NET any -> $EXTERNAL_NET any (msg:"ET POLICY Data POST to an image file (gif)"; flow:established,to_server; content:"POST"; http_method; content:".gif"; http_uri; fast_pattern; isdataat:!1,relative; content:!"__utm.gif"; http_uri; isdataat:!1,relative; content:!".tealiumiq.com"; http_host; content:!"snackly.co"; http_host; metadata: former_category POLICY; reference:url,doc.emergingthreats.net/2010066; classtype:trojan-activity; sid:2010066; rev:14; metadata:created_at 2010_07_30, updated_at 2017_12_01;)

====================
local : #alert http $HOME_NET any -> $EXTERNAL_NET any (msg:"ET POLICY Vulnerable Java Version 1.4.x Detected"; flow:established,to_server; content:"Java/1.4."; http_user_agent; flowbits:set,ET.http.javaclient.vulnerable;  threshold: type limit, count 2, seconds 300, track by_src; reference:url,javatester.org/version.html; classtype:bad-unknown; sid:2011584; rev:11;)

official : alert http $HOME_NET any -> $EXTERNAL_NET any (msg:"ET POLICY Vulnerable Java Version 1.4.x Detected"; flow:established,to_server; content:"Java/1.4."; http_user_agent; flowbits:set,ET.http.javaclient.vulnerable;  threshold: type limit, count 2, seconds 300, track by_src; metadata: former_category POLICY; reference:url,www.oracle.com/technetwork/java/javase/documentation/index.html; classtype:bad-unknown; sid:2011584; rev:12; metadata:affected_product Java, attack_target Client_Endpoint, deployment Perimeter, deployment Internal, signature_severity Audit, created_at 2010_09_27, performance_impact Low, updated_at 2018_02_05;)

====================
local : #alert http $HOME_NET any -> $EXTERNAL_NET any (msg:"ET POLICY Vulnerable Java Version 1.5.x Detected"; flow:established,to_server; content:" Java/1.5."; nocase; http_header; flowbits:set,ET.http.javaclient.vulnerable; threshold: type limit, count 2, seconds 300, track by_src; reference:url,javatester.org/version.html; classtype:bad-unknown; sid:2011581; rev:9;)

official : alert http $HOME_NET any -> $EXTERNAL_NET any (msg:"ET POLICY Vulnerable Java Version 1.5.x Detected"; flow:established,to_server; content:" Java/1.5."; nocase; http_header; flowbits:set,ET.http.javaclient.vulnerable; threshold: type limit, count 2, seconds 300, track by_src; metadata: former_category POLICY; reference:url,www.oracle.com/technetwork/java/javase/documentation/index.html; classtype:bad-unknown; sid:2011581; rev:10; metadata:affected_product Java, attack_target Client_Endpoint, deployment Perimeter, deployment Internal, signature_severity Audit, created_at 2010_09_27, performance_impact Low, updated_at 2018_02_05;)

====================
local : #alert http $HOME_NET any -> $EXTERNAL_NET any (msg:"ET POLICY Vulnerable Java Version 1.6.x Detected"; flow:established,to_server; content:"Java/1.6.0_"; http_user_agent; content:!"151"; within:3; http_user_agent; flowbits:set,ET.http.javaclient.vulnerable; threshold: type limit, count 2, seconds 300, track by_src; reference:url,javatester.org/version.html; reference:url,www.oracle.com/technetwork/java/javase/2col/6u85-bugfixes-2298235.html; classtype:bad-unknown; sid:2011582; rev:47;)

official : alert http $HOME_NET any -> $EXTERNAL_NET any (msg:"ET POLICY Vulnerable Java Version 1.6.x Detected"; flow:established,to_server; content:"Java/1.6.0_"; http_user_agent; content:!"181"; within:3; http_user_agent; flowbits:set,ET.http.javaclient.vulnerable; threshold: type limit, count 2, seconds 300, track by_src; metadata: former_category POLICY; reference:url,www.oracle.com/technetwork/java/javase/documentation/index.html; classtype:bad-unknown; sid:2011582; rev:51; metadata:affected_product Java, attack_target Client_Endpoint, deployment Perimeter, deployment Internal, signature_severity Audit, created_at 2010_09_27, performance_impact Low, updated_at 2018_02_05;)

====================
local : #alert tcp any 443 -> any any (msg:"ET POLICY OpenSSL Demo CA - Internet Widgits Pty (O)"; flow:established,to_client; content:"|16|"; content:"|0b|"; within:8; content:"|55 04 0a|"; content:"Internet Widgits Pty Ltd"; within:50; classtype:not-suspicious; sid:2011540; rev:5;)

official : alert tls $EXTERNAL_NET any -> $HOME_NET any (msg:"ET POLICY OpenSSL Demo CA - Internet Widgits Pty (O)"; flow:established,to_client; tls_cert_subject; content:"O=Internet Widgits Pty Ltd"; metadata: former_category POLICY; classtype:not-suspicious; sid:2011540; rev:6; metadata:created_at 2010_09_27, updated_at 2017_11_27;)

====================
local : #alert http $HOME_NET any -> $EXTERNAL_NET any (msg:"ET POLICY HTTP Request to a *.co.cc domain"; flow:to_server,established; content:".co.cc|0D 0A|"; http_header; classtype:bad-unknown; sid:2011374; rev:6;)

official : alert http $HOME_NET any -> $EXTERNAL_NET any (msg:"ET POLICY HTTP Request to a *.co.cc domain"; flow:established,to_server; content:".co.cc"; http_host; isdataat:!1,relative; classtype:bad-unknown; sid:2011374; rev:7; metadata:created_at 2010_09_28, updated_at 2010_09_28;)

====================
local : #alert http $HOME_NET any -> $EXTERNAL_NET any (msg:"ET POLICY Abnormal User-Agent No space after colon - Likely Hostile"; flow:established,to_server; content:"User-Agent|3A|Mozilla"; http_header; content:!"BlackBerry|3b|"; http_header; content:!"PlayBook|3b|"; http_header; content:!"Konfabulator"; http_header; content:!"masterconn.qq.com"; http_header; content:!"QQPCMgr"; http_header; classtype:trojan-activity; sid:2011800; rev:9;)

official : alert http $HOME_NET any -> $EXTERNAL_NET any (msg:"ET POLICY Abnormal User-Agent No space after colon - Likely Hostile"; flow:established,to_server; content:"User-Agent|3A|Mozilla"; http_header; nocase; fast_pattern:only; content:!"BlackBerry|3b|"; http_header; content:!"PlayBook|3b|"; http_header; content:!"Konfabulator"; http_header; content:!"masterconn.qq.com"; http_header; content:!"QQPCMgr"; http_header; metadata: former_category POLICY; classtype:trojan-activity; sid:2011800; rev:10; metadata:created_at 2010_10_12, updated_at 2017_10_18;)

====================
local : #alert udp $HOME_NET any -> $EXTERNAL_NET 53 (msg:"ET POLICY DNS Query For XXX Adult Site Top Level Domain"; content:"|01 00 00 01 00 00 00 00 00 00|"; depth:10; offset:2; content:"|03|xxx|00|"; fast_pattern; nocase; distance:0; reference:url,mashable.com/2011/03/19/xxx-tld-porn/; reference:url,mashable.com/2010/06/24/dot-xxx-porn-domain/; classtype:policy-violation; sid:2012522; rev:1;)

official : alert dns $HOME_NET any -> any any (msg:"ET POLICY DNS Query For XXX Adult Site Top Level Domain"; dns_query; content:".xxx"; nocase; isdataat:!1,relative; reference:url,mashable.com/2011/03/19/xxx-tld-porn/; reference:url,mashable.com/2010/06/24/dot-xxx-porn-domain/; classtype:policy-violation; sid:2012522; rev:2; metadata:created_at 2011_03_21, updated_at 2011_03_21;)

====================
local : #alert http $HOME_NET any -> $EXTERNAL_NET any (msg:"ET POLICY request to .xxx TLD"; flow:established,to_server; content:"Host|3a 20|"; http_header; content:"|2E|xxx|0D 0A|"; fast_pattern; http_header; within:100; reference:url,en.wikipedia.org/wiki/.xxx; classtype:policy-violation; sid:2012694; rev:3;)

official : alert http $HOME_NET any -> $EXTERNAL_NET any (msg:"ET POLICY request to .xxx TLD"; flow:established,to_server; content:".xxx"; http_host; isdataat:!1,relative; reference:url,en.wikipedia.org/wiki/.xxx; classtype:policy-violation; sid:2012694; rev:4; metadata:created_at 2011_04_20, updated_at 2011_04_20;)

====================
local : #alert http $HOME_NET any -> $EXTERNAL_NET any (msg:"ET POLICY HTTP Request to a *.tk domain"; flow:to_server,established; content:"Host|3a|"; http_header; content:".tk|0D 0A|"; fast_pattern; within:50; http_header; content:!".tcl.tk|0d 0a|"; http_header; content:!"Host|3a 20|tcl.tk|0d 0a|"; http_header; classtype:bad-unknown; sid:2012810; rev:9;)

official : alert http $HOME_NET any -> $EXTERNAL_NET any (msg:"ET POLICY HTTP Request to a *.tk domain"; flow:established,to_server; content:".tk"; fast_pattern; http_host; isdataat:!1,relative; content:!".tcl.tk"; http_host; content:!"tcl.tk"; http_host; depth:6; isdataat:!1,relative; metadata: former_category POLICY; classtype:bad-unknown; sid:2012810; rev:10; metadata:created_at 2011_05_15, updated_at 2017_03_16;)

====================
local : #alert http $HOME_NET any -> $EXTERNAL_NET any (msg:"ET POLICY HTTP Request to a *.vv.cc domain"; flow:to_server,established; content:".vv.cc|0D 0A|"; http_header; classtype:bad-unknown; sid:2012827; rev:5;)

official : alert http $HOME_NET any -> $EXTERNAL_NET any (msg:"ET POLICY HTTP Request to a *.vv.cc domain"; flow:to_server,established; content:".vv.cc"; http_host; isdataat:!1,relative; classtype:bad-unknown; sid:2012827; rev:6; metadata:created_at 2011_05_19, updated_at 2011_05_19;)

====================
local : #alert http $HOME_NET any -> $EXTERNAL_NET any (msg:"ET POLICY Possible Mobile Malware POST of IMSI International Mobile Subscriber Identity in URI"; flow:established,to_server; content:"POST"; http_method; content:"imsi="; nocase; http_uri; reference:url,learntelecom.com/international-mobile-subscriber-identity-imsi/; classtype:bad-unknown; sid:2012849; rev:3;)

official : alert http $HOME_NET any -> $EXTERNAL_NET any (msg:"ET POLICY Possible Mobile Malware POST of IMSI International Mobile Subscriber Identity in URI"; flow:established,to_server; content:"POST"; http_method; content:"imsi="; nocase; http_uri; metadata: former_category POLICY; classtype:bad-unknown; sid:2012849; rev:4; metadata:created_at 2011_05_25, updated_at 2017_09_18;)

====================
local : #alert http $HOME_NET any -> $EXTERNAL_NET any (msg:"ET POLICY HTTP Outbound Request contains pw"; flow:established,to_server; content:"pw|3a| "; nocase; http_header; classtype:policy-violation; sid:2012870; rev:2;)

official : alert http $HOME_NET any -> $EXTERNAL_NET any (msg:"ET POLICY HTTP Outbound Request contains pw"; flow:established,to_server; http_header_names; content:"pw"; nocase; classtype:policy-violation; sid:2012870; rev:3; metadata:created_at 2011_05_26, updated_at 2011_05_26;)

====================
local : #alert http $HOME_NET any -> $EXTERNAL_NET any (msg:"ET POLICY libwww-perl User-Agent"; flow:established,to_server; content:"User-Agent|3a| libwww-perl/"; nocase; http_header; reference:url,www.useragentstring.com/pages/useragentstring.php; classtype:attempted-recon; sid:2013030; rev:3;)

official : alert http $HOME_NET any -> $EXTERNAL_NET any (msg:"ET POLICY libwww-perl User-Agent"; flow:established,to_server; content:"libwww-perl/"; depth:12; nocase; http_user_agent; reference:url,www.useragentstring.com/pages/useragentstring.php; classtype:attempted-recon; sid:2013030; rev:4; metadata:created_at 2011_06_14, updated_at 2011_06_14;)

====================
local : #alert http $HOME_NET any -> $EXTERNAL_NET any (msg:"ET POLICY Python-urllib/ Suspicious User Agent"; flow:established,to_server; content:"Python-urllib/"; nocase; http_user_agent; depth:14; content:!"dropbox.com|0d0a|"; http_header; reference:url,www.useragentstring.com/pages/useragentstring.php; classtype:attempted-recon; sid:2013031; rev:4;)

official : alert http $HOME_NET any -> $EXTERNAL_NET any (msg:"ET POLICY Python-urllib/ Suspicious User Agent"; flow:established,to_server; content:"Python-urllib/"; nocase; http_user_agent; depth:14; content:!"dropbox.com"; http_host; isdataat:!1,relative; reference:url,www.useragentstring.com/pages/useragentstring.php; classtype:attempted-recon; sid:2013031; rev:5; metadata:created_at 2011_06_14, updated_at 2011_06_14;)

====================
local : #alert http $HOME_NET any -> $EXTERNAL_NET any (msg:"ET POLICY HTTP Request to a *.cu.cc domain"; flow:established,to_server; content:".cu.cc"; fast_pattern:only; http_header; pcre:"/^Host\x3a[^\r\n]+\.cu\.cc(?:\x3a\d{1,5})?\r?$/Hmi"; classtype:bad-unknown; sid:2013170; rev:4;)

official : alert http $HOME_NET any -> $EXTERNAL_NET any (msg:"ET POLICY HTTP Request to a *.cu.cc domain"; flow:established,to_server; content:".cu.cc"; http_host; pcre:"/^(?:\x3a\d{1,5})?$/WR"; classtype:bad-unknown; sid:2013170; rev:5; metadata:created_at 2011_07_02, updated_at 2011_07_02;)

====================
local : #alert http $HOME_NET any -> $EXTERNAL_NET any (msg:"ET POLICY Suspicious User-Agent Containing .exe"; flow:to_server,established; content:".exe"; http_user_agent; fast_pattern:only; nocase; pcre:"/\.exe$/Vi"; content:!"|5C|Citrix|5C|ICA Client|5C|"; nocase; http_user_agent; content:!"vsee.exe"; nocase; http_user_agent; content:!"CTX_"; http_uri; content:!"gfi.com|0d 0a|"; http_header; content:!"pandasoftware.com"; http_header; content:!"lnssatt.exe"; http_header; classtype:trojan-activity; sid:2013224; rev:13;)

official : alert http $HOME_NET any -> $EXTERNAL_NET any (msg:"ET POLICY Suspicious User-Agent Containing .exe"; flow:established,to_server; content:".exe"; http_user_agent; nocase; isdataat:!1,relative; fast_pattern; content:!"|5C|Citrix|5C|ICA Client|5C|"; nocase; http_user_agent; content:!"vsee.exe"; nocase; http_user_agent; content:!"CTX_"; http_uri; content:!"gfi.com"; http_host; content:!"pandasoftware.com"; http_host; content:!"lnssatt.exe"; http_header; metadata: former_category POLICY; classtype:trojan-activity; sid:2013224; rev:14; metadata:affected_product Any, attack_target Client_Endpoint, deployment Perimeter, tag User_Agent, signature_severity Audit, created_at 2011_07_07, updated_at 2017_10_12;)

====================
local : #alert http $HOME_NET any -> $EXTERNAL_NET any (msg:"ET POLICY Majestic12 User-Agent Request Outbound"; flow:established,to_server; content:"MJ12bot/"; http_header; classtype:trojan-activity; sid:2013256; rev:3;)

official : alert http $HOME_NET any -> $EXTERNAL_NET any (msg:"ET POLICY Majestic12 User-Agent Request Outbound"; flow:established,to_server; content:"MJ12bot/"; http_user_agent; classtype:trojan-activity; sid:2013256; rev:4; metadata:created_at 2011_07_12, updated_at 2011_07_12;)

====================
local : #alert http $HOME_NET any -> $EXTERNAL_NET any (msg:"ET POLICY MOBILE Apple device leaking UDID from SpringBoard via GET"; flow:established,to_server; content:" CFNetwork/"; http_header; fast_pattern:only; content:" Darwin/"; http_header; content:"UDID"; http_uri; pcre:"/[0-9a-f]{40}[^0-9a-f]/U"; reference:url,www.innerfence.com/howto/find-iphone-unique-device-identifier-udid; reference:url,support.apple.com/kb/HT4061; classtype:attempted-recon; sid:2013290; rev:3;)

official : alert http $HOME_NET any -> $EXTERNAL_NET any (msg:"ET POLICY MOBILE Apple device leaking UDID from SpringBoard via GET"; flow:established,to_server; content:" CFNetwork/"; http_user_agent; fast_pattern; content:" Darwin/"; http_user_agent; content:"UDID"; http_uri; pcre:"/[0-9a-f]{40}[^0-9a-f]/U"; reference:url,www.innerfence.com/howto/find-iphone-unique-device-identifier-udid; reference:url,support.apple.com/kb/HT4061; classtype:attempted-recon; sid:2013290; rev:4; metadata:created_at 2011_07_19, updated_at 2011_07_19;)

====================
local : #alert tcp $EXTERNAL_NET 443 -> $HOME_NET any (msg:"ET POLICY SSH banner detected on TCP 443 likely proxy evasion"; flow:established,from_server; content:"SSH-"; depth:4; flowbits:set,is_ssh_server_banner; classtype:bad-unknown; sid:2013936; rev:5;)

official : #alert tcp $EXTERNAL_NET 443 -> $HOME_NET any (msg:"ET POLICY SSH banner detected on TCP 443 likely proxy evasion"; flow:established,from_server; content:"SSH-"; depth:4; flowbits:set,ET.is_ssh_server_banner; classtype:bad-unknown; sid:2013936; rev:6; metadata:created_at 2011_11_21, updated_at 2011_11_21;)

====================
local : #alert http $HOME_NET any -> $EXTERNAL_NET any (msg:"ET POLICY Dyndns Client IP Check"; flow:established,to_server; content:"User-Agent|3a| DynDNS-Client"; http_header; content:" checkip.dyndns."; http_header; classtype:not-suspicious; sid:2014091; rev:2;)

official : alert http $HOME_NET any -> $EXTERNAL_NET any (msg:"ET POLICY Dyndns Client IP Check"; flow:established,to_server; content:"DynDNS-Client"; http_user_agent; depth:13; content:"checkip.dyndns."; http_host; classtype:not-suspicious; sid:2014091; rev:3; metadata:created_at 2012_01_03, updated_at 2012_01_03;)

====================
local : #alert http $HOME_NET any -> $EXTERNAL_NET any (msg:"ET POLICY Dyndns Client User-Agent"; flow:established,to_server; content:"User-Agent|3a| DynDNS-Client"; http_header; classtype:not-suspicious; sid:2014092; rev:2;)

official : alert http $HOME_NET any -> $EXTERNAL_NET any (msg:"ET POLICY Dyndns Client User-Agent"; flow:established,to_server; content:"DynDNS-Client"; http_user_agent; classtype:not-suspicious; sid:2014092; rev:3; metadata:created_at 2012_01_03, updated_at 2012_01_03;)

====================
local : #alert http $HOME_NET any -> $EXTERNAL_NET any (msg:"ET POLICY Softango.com Installer Checking For Update"; flow:established,to_server; content:"/service/updater.php"; http_uri; content:".smartiengine.com|0D 0A|"; http_header; classtype:policy-violation; sid:2014123; rev:2;)

official : alert http $HOME_NET any -> $EXTERNAL_NET any (msg:"ET POLICY Softango.com Installer Checking For Update"; flow:established,to_server; content:"/service/updater.php"; http_uri; content:".smartiengine.com"; http_host; classtype:policy-violation; sid:2014123; rev:3; metadata:created_at 2012_01_12, updated_at 2012_01_12;)

====================
local : #alert http $HOME_NET any -> $EXTERNAL_NET any (msg:"ET POLICY HTTP Request to .su TLD (Soviet Union) Often Malware Related"; flow:established,to_server; content:".su|0d 0a|"; http_header; pcre:"/Host\x3A\x20[^\r\n]*\x2Esu\x0D\x0A/H"; reference:url,www.abuse.ch/?p=3581; classtype:trojan-activity; sid:2014170; rev:2;)

official : alert http $HOME_NET any -> $EXTERNAL_NET any (msg:"ET POLICY HTTP Request to .su TLD (Soviet Union) Often Malware Related"; flow:established,to_server; content:".su"; http_host; isdataat:!1,relative; reference:url,www.abuse.ch/?p=3581; classtype:trojan-activity; sid:2014170; rev:3; metadata:created_at 2012_01_31, updated_at 2012_01_31;)

====================
local : #alert http $HOME_NET any -> $EXTERNAL_NET any (msg:"ET POLICY Vulnerable Java Version 1.7.x Detected"; flow:established,to_server; content:"Java/1.7.0_"; http_user_agent; content:!"141"; within:3; http_user_agent; flowbits:set,ET.http.javaclient.vulnerable; threshold: type limit, count 2, seconds 300, track by_src; reference:url,javatester.org/version.html; reference:url,java.com/en/download/manual_java7.jsp; classtype:bad-unknown; sid:2014297; rev:46;)

official : alert http $HOME_NET any -> $EXTERNAL_NET any (msg:"ET POLICY Vulnerable Java Version 1.7.x Detected"; flow:established,to_server; content:"Java/1.7.0_"; http_user_agent; content:!"171"; within:3; http_user_agent; flowbits:set,ET.http.javaclient.vulnerable; threshold: type limit, count 2, seconds 300, track by_src; metadata: former_category POLICY; reference:url,www.oracle.com/technetwork/java/javase/documentation/index.html; classtype:bad-unknown; sid:2014297; rev:50; metadata:affected_product Java, attack_target Client_Endpoint, deployment Perimeter, deployment Internal, signature_severity Audit, created_at 2012_03_01, performance_impact Low, updated_at 2018_02_05;)

====================
local : #alert http $HOME_NET any -> $EXTERNAL_NET any (msg:"ET POLICY External IP Lookup Attempt To Wipmania"; flow:established,to_server; content:"Host|3A 20|api.wipmania.com|0d 0a|"; http_header; reference:md5,b318988249cd8e8629b4ef8a52760b65; classtype:policy-violation; sid:2014304; rev:3;)

official : alert http $HOME_NET any -> $EXTERNAL_NET any (msg:"ET POLICY External IP Lookup Attempt To Wipmania"; flow:established,to_server; content:"api.wipmania.com"; http_host; reference:md5,b318988249cd8e8629b4ef8a52760b65; classtype:policy-violation; sid:2014304; rev:4; metadata:created_at 2012_03_05, updated_at 2012_03_05;)

====================
local : #alert http $HOME_NET any -> $EXTERNAL_NET any (msg:"ET POLICY Outdated Flash Version M1"; flow:established,to_server; content:"x-flash-version|3a 20|"; http_header; content:!"26,0,0,131|0d 0a|"; distance:0; within:12; http_header; content:!"26,0,0,120|0d 0a|"; distance:0; within:12; http_header; threshold: type limit, count 1, seconds 60, track by_src; reference:url,www.adobe.com/software/flash/about/; classtype:policy-violation; sid:2014726; rev:97;)

official : alert http $HOME_NET any -> $EXTERNAL_NET any (msg:"ET POLICY Outdated Flash Version M1"; flow:established,to_server; content:"x-flash-version|3a 20|"; http_header; content:!"28,0,0,161|0d 0a|"; distance:0; within:12; http_header; threshold: type limit, count 1, seconds 60, track by_src; metadata: former_category POLICY; reference:url,www.adobe.com/software/flash/about/; classtype:policy-violation; sid:2014726; rev:107; metadata:affected_product Adobe_Flash, signature_severity Audit, created_at 2012_05_09, performance_impact Low, updated_at 2017_10_25;)

====================
local : #alert http $HOME_NET any -> $EXTERNAL_NET any (msg:"ET POLICY OpenVPN Update Check"; flow:established,to_server; content:"Host|3a| swupdate.openvpn.net|0d 0a|"; fast_pattern:14,14; http_header; content:"User-Agent|3a| Twisted PageGetter|0d 0a|"; http_header; classtype:policy-violation; sid:2014799; rev:2;)

official : alert http $HOME_NET any -> $EXTERNAL_NET any (msg:"ET POLICY OpenVPN Update Check"; flow:established,to_server; content:"swupdate.openvpn.net"; http_host; fast_pattern; depth:20; isdataat:!1,relative; content:"Twisted PageGetter"; http_user_agent; depth:18; isdataat:!1,relative; classtype:policy-violation; sid:2014799; rev:3; metadata:created_at 2012_05_22, updated_at 2012_05_22;)

====================
local : #alert udp $HOME_NET any -> $EXTERNAL_NET 53 (msg:"ET POLICY DNS Query to .onion proxy Domain (tor2web)"; content:"|01 00 00 01 00 00 00 00 00 00|"; depth:10; offset:2; content:"|07|tor2web"; fast_pattern; nocase; distance:0; reference:url,en.wikipedia.org/wiki/Tor_(anonymity_network); classtype:bad-unknown; sid:2015576; rev:7;)

official : alert dns $HOME_NET any -> any any (msg:"ET POLICY DNS Query to .onion proxy Domain (tor2web)"; dns_query; content:".tor2web"; nocase; isdataat:!1,relative; reference:url,en.wikipedia.org/wiki/Tor_(anonymity_network); classtype:bad-unknown; sid:2015576; rev:8; metadata:affected_product Any, attack_target Client_Endpoint, deployment Perimeter, tag DNS_Onion_Query, signature_severity Audit, created_at 2012_08_06, updated_at 2016_07_01;)

====================
local : #alert tcp $EXTERNAL_NET 443 -> $HOME_NET any (msg:"ET POLICY Signed TLS Certificate with md5WithRSAEncryption"; flow:established,from_server; content:"|16 03 01|"; depth:3; content:"|02|"; distance:2; within:1; byte_jump:3,0,relative,big; content:"|16 03 01|"; within:3; content:"|0b|"; distance:2; within:2; content:"|30 82|"; distance:9; within:2; content:"|30 82|"; distance:2; within:2; content:"|a0 03 02 01 02 02|"; distance:2; within:6; byte_jump:1,0,relative,big; content:"|30 0d 06 09 2a 86 48 86 f7 0d 01 01 04 05 00|"; within:15; reference:url,www.win.tue.nl/hashclash/rogue-ca/; reference:url,ietf.org/rfc/rfc3280.txt; reference:url,jensign.com/JavaScience/GetTBSCert/index.html; reference:url,luca.ntop.org/Teaching/Appunti/asn1.html; reference:url,news.netcraft.com/archives/2012/08/31/governments-and-banks-still-using-weak-md5-signed-ssl-certificates.html; classtype:misc-activity; sid:2015686; rev:2;)

official : alert tls $EXTERNAL_NET any -> $HOME_NET any (msg:"ET POLICY Signed TLS Certificate with md5WithRSAEncryption"; flow:established,from_server; content:"|16 03 01|"; depth:3; content:"|02|"; distance:2; within:1; byte_jump:3,0,relative,big; content:"|16 03 01|"; within:3; content:"|0b|"; distance:2; within:2; content:"|30 82|"; distance:9; within:2; content:"|30 82|"; distance:2; within:2; content:"|a0 03 02 01 02 02|"; distance:2; within:6; byte_jump:1,0,relative,big; content:"|30 0d 06 09 2a 86 48 86 f7 0d 01 01 04 05 00|"; within:15; reference:url,www.win.tue.nl/hashclash/rogue-ca/; reference:url,ietf.org/rfc/rfc3280.txt; reference:url,jensign.com/JavaScience/GetTBSCert/index.html; reference:url,luca.ntop.org/Teaching/Appunti/asn1.html; reference:url,news.netcraft.com/archives/2012/08/31/governments-and-banks-still-using-weak-md5-signed-ssl-certificates.html; classtype:misc-activity; sid:2015686; rev:3; metadata:created_at 2012_09_07, updated_at 2012_09_07;)

====================
local : #alert http $HOME_NET any -> $EXTERNAL_NET any (msg:"ET POLICY Maxmind geoip check to /app/geoip.js"; flow:established,to_server; content:"/app/geoip.js"; http_uri; fast_pattern:only; content:"maxmind.com|0d 0a|"; http_header; classtype:policy-violation; sid:2015878; rev:2;)

official : alert http $HOME_NET any -> $EXTERNAL_NET any (msg:"ET POLICY Maxmind geoip check to /app/geoip.js"; flow:established,to_server; content:"/app/geoip.js"; http_uri; fast_pattern; content:"maxmind.com"; http_host; classtype:policy-violation; sid:2015878; rev:3; metadata:created_at 2012_11_13, updated_at 2012_11_13;)

====================
local : #alert http $HOME_NET any -> [!134.170.0.0/16,$EXTERNAL_NET] any (msg:"ET POLICY Unsupported/Fake Internet Explorer Version MSIE 5."; flow:to_server,established; content:" MSIE 5."; http_user_agent; fast_pattern; nocase; content:!".microsoft.com|0d 0a|"; http_header; content:!".trendmicro.com|0d 0a|"; http_header; content:!".sony.net|0d 0a|"; http_header; content:!".weather.com|0d 0a|"; http_header; content:!".yahoo.com|0d 0a|"; http_header; content:!".dellfix.com|0d 0a|"; http_header; content:!"GeoVision"; http_header; threshold: type limit,track by_src,count 2,seconds 60; classtype:policy-violation; sid:2016870; rev:11;)

official : alert http $HOME_NET any -> [!134.170.0.0/16,$EXTERNAL_NET] any (msg:"ET POLICY Unsupported/Fake Internet Explorer Version MSIE 5."; flow:established,to_server; content:" MSIE 5."; http_user_agent; fast_pattern; nocase; content:!".microsoft.com"; http_host; isdataat:!1,relative; content:!".trendmicro.com"; http_host; isdataat:!1,relative; content:!".sony.net"; http_host; isdataat:!1,relative; content:!".weather.com"; http_host; isdataat:!1,relative; content:!".yahoo.com"; http_host; isdataat:!1,relative; content:!".dellfix.com"; http_host; isdataat:!1,relative; content:!"GeoVision"; http_header; threshold: type limit,track by_src,count 2,seconds 60; classtype:policy-violation; sid:2016870; rev:12; metadata:created_at 2013_05_20, updated_at 2013_05_20;)

====================
local : #alert http $HOME_NET any -> $EXTERNAL_NET any (msg:"ET POLICY Unsupported/Fake Internet Explorer Version MSIE 4."; flow:to_server,established; content:" MSIE 4."; http_user_agent; fast_pattern:only; nocase; content:!".weatherbug.com|0d 0a|"; http_header; content:!".wxbug.com|0d 0a|"; http_header; threshold: type limit,track by_src,count 2,seconds 60; classtype:policy-violation; sid:2016871; rev:4;)

official : alert http $HOME_NET any -> $EXTERNAL_NET any (msg:"ET POLICY Unsupported/Fake Internet Explorer Version MSIE 4."; flow:established,to_server; content:" MSIE 4."; http_user_agent; fast_pattern; nocase; content:!".weatherbug.com"; http_host; isdataat:!1,relative; content:!".wxbug.com"; http_host; isdataat:!1,relative; threshold: type limit,track by_src,count 2,seconds 60; classtype:policy-violation; sid:2016871; rev:5; metadata:created_at 2013_05_20, updated_at 2013_05_20;)

====================
local : #alert http $HOME_NET any -> $EXTERNAL_NET any (msg:"ET POLICY Internal Host Retrieving External IP via icanhazip.com - Possible Infection"; flow:established,to_server; content:"icanhazip.com"; http_header; fast_pattern:only; pcre:"/^Host\x3a\s*?(?:[^\r\n]+?\.)?icanhazip\.com(?:\x3a\d{1,5})?\r$/Hmi"; classtype:attempted-recon; sid:2017398; rev:3;)

official : alert http $HOME_NET any -> $EXTERNAL_NET any (msg:"ET POLICY Internal Host Retrieving External IP via icanhazip.com - Possible Infection"; flow:established,to_server; content:"icanhazip.com"; http_host; pcre:"/^(?:\x3a\d{1,5})?$/WR"; classtype:attempted-recon; sid:2017398; rev:4; metadata:created_at 2013_08_30, updated_at 2013_08_30;)

====================
local : #alert udp any any -> any 53 (msg:"ET POLICY DNS lookup for bridges.torproject.org IP lookup/Tor Usage check"; content:"|01 00 00 01 00 00 00 00 00 00|"; depth:10; offset:2; content:"|07|bridges|0a|torproject|03|org|00|"; nocase; reference:url,www.torproject.org/docs/bridges.html.en; reference:md5,2e3f7f9b3b4c29aceccab693aeccfa5a; classtype:policy-violation; sid:2017925; rev:3;)

official : alert udp any any -> any 53 (msg:"ET POLICY External IP Lookup / Tor Checker Domain (bridges.torproject .org in DNS lookup)"; content:"|01|"; offset:2; depth:1; content:"|00 01 00 00 00 00 00|"; distance:1; within:7; content:"|07|bridges|0a|torproject|03|org|00|"; nocase; metadata: former_category POLICY; reference:url,www.torproject.org/docs/bridges.html.en; reference:md5,2e3f7f9b3b4c29aceccab693aeccfa5a; classtype:policy-violation; sid:2017925; rev:4; metadata:tag IP_address_lookup_website, created_at 2014_01_03, updated_at 2017_11_02;)

====================
local : #alert udp any any -> any 53 (msg:"ET POLICY DNS lookup for check.torproject.org IP lookup/Tor Usage check"; content:"|01 00 00 01 00 00 00 00 00 00|"; depth:10; offset:2; content:"|05|check|0a|torproject|03|org|00|"; nocase; reference:md5,e87f0db605517e851d571af2e78c5966; classtype:policy-violation; sid:2017926; rev:2;)

official : alert dns $HOME_NET any -> any any (msg:"ET POLICY External IP Lookup / Tor Checker Domain (check.torproject .org in DNS lookup)"; dns_query; content:"check.torproject.org"; nocase; isdataat:!1,relative; metadata: former_category POLICY; reference:md5,e87f0db605517e851d571af2e78c5966; classtype:policy-violation; sid:2017926; rev:4; metadata:tag IP_address_lookup_website, created_at 2014_01_03, updated_at 2017_11_02;)

====================
local : #alert tcp $HOME_NET any -> $EXTERNAL_NET 443 (msg:"ET POLICY check.torproject.org IP lookup/Tor Usage check over TLS with SNI"; flow:established,to_server; content:"|00 14|check.torproject.org"; nocase; classtype:policy-violation; sid:2017928; rev:2;)

official : alert tls $HOME_NET any -> $EXTERNAL_NET any (msg:"ET POLICY check.torproject.org IP lookup/Tor Usage check over TLS with SNI"; flow:established,to_server; tls_sni; content:"check.torproject.org"; nocase; classtype:policy-violation; sid:2017928; rev:3; metadata:created_at 2014_01_03, updated_at 2014_01_03;)

====================
local : #alert http $HOME_NET any -> $EXTERNAL_NET any (msg:"ET POLICY TraceMyIP IP lookup"; flow:established,to_server; content:"tracemyip.org"; nocase; http_header; fast_pattern:only; pcre:"/^Host\x3a\s*?([^\r\n]+?\.)?tracemyip.org(?:\x3a\d{1,5})?\r?$/Hmi"; classtype:policy-violation; sid:2017933; rev:2;)

official : alert http $HOME_NET any -> $EXTERNAL_NET any (msg:"ET POLICY TraceMyIP IP lookup"; flow:established,to_server; content:"tracemyip.org"; http_host; pcre:"/^(?:\x3a\d{1,5})?$/WR"; classtype:policy-violation; sid:2017933; rev:3; metadata:created_at 2014_01_06, updated_at 2014_01_06;)

====================
local : #alert http $HOME_NET any -> $EXTERNAL_NET any (msg:"ET POLICY Application Crash Report Sent to Microsoft"; flow:to_server,established; content:"MSDW"; depth:4; http_user_agent; content:"Host|3a 20|watson.microsoft.com|0d 0a|"; http_header; classtype:policy-violation; sid:2018170; rev:4;)

official : alert http $HOME_NET any -> $EXTERNAL_NET any (msg:"ET POLICY Application Crash Report Sent to Microsoft"; flow:established,to_server; content:"MSDW"; depth:4; http_user_agent; content:"watson.microsoft.com"; http_host; classtype:policy-violation; sid:2018170; rev:5; metadata:created_at 2014_02_24, updated_at 2014_02_24;)

====================
local : #alert udp any any -> any 53 (msg:"ET POLICY possible Xiaomi phone data leakage DNS"; content:"|01 00 00 01 00 00 00 00 00 00|"; depth:10; offset:2; content:"|03|api|07|account|06|xiaomi|03|com|00|"; fast_pattern; nocase; distance:0; reference:url,thehackernews.com/2014/08/xiaomi-phones-secretly-sending-users.html; classtype:policy-violation; sid:2018918; rev:1;)

official : alert dns any any -> any any (msg:"ET POLICY possible Xiaomi phone data leakage DNS"; dns_query; content:"api.account.xiaomi.com"; nocase; isdataat:!1,relative; reference:url,thehackernews.com/2014/08/xiaomi-phones-secretly-sending-users.html; classtype:policy-violation; sid:2018918; rev:2; metadata:created_at 2014_08_11, updated_at 2014_08_11;)

====================
local : #alert http $HOME_NET any -> $EXTERNAL_NET any (msg:"ET POLICY possible Xiaomi phone data leakage HTTP"; flow:to_server,established; content:"Host|3a 20|api.account.xiaomi.com|0d 0a|"; reference:url,thehackernews.com/2014/08/xiaomi-phones-secretly-sending-users.html; classtype:policy-violation; sid:2018919; rev:2;)

official : alert http $HOME_NET any -> $EXTERNAL_NET any (msg:"ET POLICY possible Xiaomi phone data leakage HTTP"; flow:to_server,established; content:"api.account.xiaomi.com"; http_host; reference:url,thehackernews.com/2014/08/xiaomi-phones-secretly-sending-users.html; classtype:policy-violation; sid:2018919; rev:3; metadata:created_at 2014_08_11, updated_at 2014_08_11;)

====================
local : #alert http $HOME_NET any -> $EXTERNAL_NET any (msg:"ET POLICY Vulnerable Java Version 1.8.x Detected"; flow:established,to_server; content:" Java/1.8.0_"; http_header; content:!"131"; within:3; http_header; flowbits:set,ET.http.javaclient.vulnerable; threshold: type limit, count 2, seconds 300, track by_src; reference:url,javatester.org/version.html; classtype:bad-unknown; sid:2019401; rev:18;)

official : alert http $HOME_NET any -> $EXTERNAL_NET any (msg:"ET POLICY Vulnerable Java Version 1.8.x Detected"; flow:established,to_server; content:" Java/1.8.0_"; http_user_agent; content:!"161"; within:3; http_user_agent; content:!"162"; within:3; http_user_agent; flowbits:set,ET.http.javaclient.vulnerable; threshold: type limit, count 2, seconds 300, track by_src; metadata: former_category POLICY; reference:url,www.oracle.com/technetwork/java/javase/documentation/index.html; classtype:bad-unknown; sid:2019401; rev:22; metadata:affected_product Java, attack_target Client_Endpoint, deployment Perimeter, deployment Internal, signature_severity Audit, created_at 2014_10_15, performance_impact Low, updated_at 2018_02_05;)

====================
local : #alert tls $EXTERNAL_NET any -> $HOME_NET any (msg:"ET POLICY Possible IP Check api.ipify.org"; flow:established,from_server; content:"|55 04 03|"; content:"|0d|api.ipify.org"; distance:1; within:14; classtype:policy-violation; sid:2019512; rev:2;)

official : alert tls $EXTERNAL_NET any -> $HOME_NET any (msg:"ET POLICY Possible IP Check api.ipify.org"; flow:established,from_server; tls_cert_subject; content:"CN=api.ipify.org"; classtype:policy-violation; sid:2019512; rev:3; metadata:created_at 2014_10_27, updated_at 2014_10_27;)

====================
local : #alert http $EXTERNAL_NET any -> $HOME_NET any (msg:"ET POLICY Office Document Download Containing AutoOpen Macro"; flow:established,to_client; file_data; content:"A|00|u|00|t|00|o|00|O|00|p|00|e|00|n"; nocase; fast_pattern:only; reference:url,support.microsoft.com/kb/286310; classtype:policy-violation; sid:2019613; rev:2;)

official : alert http $EXTERNAL_NET any -> $HOME_NET any (msg:"ET POLICY Office Document Download Containing AutoOpen Macro"; flow:established,to_client; file_data; content:!"oct8ne"; content:"A|00|u|00|t|00|o|00|O|00|p|00|e|00|n"; nocase; fast_pattern:only; reference:url,support.microsoft.com/kb/286310; classtype:policy-violation; sid:2019613; rev:3; metadata:created_at 2014_10_31, updated_at 2014_10_31;)

====================
local : #alert http $HOME_NET any -> $EXTERNAL_NET any (msg:"ET POLICY Possible IP Check myexternalip.com"; flow:established,to_server; content:"GET"; http_method; content:"Host|3a 20|myexternalip.com|0d 0a|"; http_header; classtype:policy-violation; sid:2019980; rev:2;)

official : alert http $HOME_NET any -> $EXTERNAL_NET any (msg:"ET POLICY Possible IP Check myexternalip.com"; flow:established,to_server; content:"GET"; http_method; content:"myexternalip.com"; http_host; depth:16; isdataat:!1,relative; classtype:policy-violation; sid:2019980; rev:3; metadata:created_at 2014_12_19, updated_at 2014_12_19;)

====================
local : #alert udp $HOME_NET any -> any 53 (msg:"ET POLICY DNS Query for .onion proxy Domain (onion.to)"; content:"|01 00 00 01 00 00 00 00 00 00|"; depth:10; offset:2; content:"|05|onion|02|to|00|"; nocase; distance:0; fast_pattern; reference:url,en.wikipedia.org/wiki/Tor_(anonymity_network); classtype:bad-unknown; sid:2020116; rev:3;)

official : alert dns $HOME_NET any -> any any (msg:"ET POLICY DNS Query to .onion proxy Domain (onion.to)"; dns_query; content:".onion.to"; nocase; isdataat:!1,relative; metadata: former_category POLICY; reference:url,en.wikipedia.org/wiki/Tor_(anonymity_network); classtype:bad-unknown; sid:2020116; rev:5; metadata:affected_product Any, attack_target Client_Endpoint, deployment Perimeter, tag DNS_Onion_Query, signature_severity Audit, created_at 2015_01_07, updated_at 2017_09_05;)

====================
local : #alert udp $HOME_NET any -> any 53 (msg:"ET POLICY DNS Query for .onion proxy Domain (tor4pay.com)"; content:"|01 00 00 01 00 00 00 00 00 00|"; depth:10; offset:2; content:"|07|tor4pay|03|com|00|"; nocase; distance:0; fast_pattern; reference:url,en.wikipedia.org/wiki/Tor_(anonymity_network); classtype:bad-unknown; sid:2020126; rev:3;)

official : alert udp $HOME_NET any -> any 53 (msg:"ET POLICY DNS Query to .onion proxy Domain (tor4pay.com)"; content:"|01 00 00 01 00 00 00 00 00 00|"; depth:10; offset:2; content:"|07|tor4pay|03|com|00|"; nocase; distance:0; fast_pattern; metadata: former_category POLICY; reference:url,en.wikipedia.org/wiki/Tor_(anonymity_network); classtype:bad-unknown; sid:2020126; rev:4; metadata:affected_product Any, attack_target Client_Endpoint, deployment Perimeter, tag DNS_Onion_Query, signature_severity Audit, created_at 2015_01_07, updated_at 2017_09_05;)

====================
local : #alert udp $HOME_NET any -> any 53 (msg:"ET POLICY DNS Query for .onion proxy Domain (torminater.com)"; content:"|01 00 00 01 00 00 00 00 00 00|"; depth:10; offset:2; content:"|0a|torminater|03|com|00|"; nocase; distance:0; fast_pattern; reference:url,en.wikipedia.org/wiki/Tor_(anonymity_network); classtype:bad-unknown; sid:2020133; rev:3;)

official : alert udp $HOME_NET any -> any 53 (msg:"ET POLICY DNS Query to .onion proxy Domain (torminater.com)"; content:"|01 00 00 01 00 00 00 00 00 00|"; depth:10; offset:2; content:"|0a|torminater|03|com|00|"; nocase; distance:0; fast_pattern; metadata: former_category POLICY; reference:url,en.wikipedia.org/wiki/Tor_(anonymity_network); classtype:bad-unknown; sid:2020133; rev:4; metadata:affected_product Any, attack_target Client_Endpoint, deployment Perimeter, tag DNS_Onion_Query, signature_severity Audit, created_at 2015_01_07, updated_at 2017_09_05;)

====================
local : #alert udp $HOME_NET any -> any 53 (msg:"ET POLICY DNS Query for .onion proxy Domain (onion.city)"; content:"|01 00 00 01 00 00 00 00 00 00|"; depth:10; offset:2; content:"|05|onion|04|city|00|"; nocase; distance:0; fast_pattern; reference:url,en.wikipedia.org/wiki/Tor_(anonymity_network); classtype:trojan-activity; sid:2020430; rev:3;)

official : alert udp $HOME_NET any -> any 53 (msg:"ET POLICY DNS Query to .onion proxy Domain (onion.city)"; content:"|01 00 00 01 00 00 00 00 00 00|"; depth:10; offset:2; content:"|05|onion|04|city|00|"; nocase; distance:0; fast_pattern; metadata: former_category POLICY; reference:url,en.wikipedia.org/wiki/Tor_(anonymity_network); classtype:trojan-activity; sid:2020430; rev:4; metadata:affected_product Any, attack_target Client_Endpoint, deployment Perimeter, tag DNS_Onion_Query, signature_severity Audit, created_at 2015_02_16, updated_at 2017_09_05;)

====================
local : #alert http $HOME_NET any -> $EXTERNAL_NET any (msg:"ET POLICY Metasploit Framework Checking For Update"; flow:established,to_server; content:"POST"; http_method; urilen:13; content:"/updateserver"; http_uri; fast_pattern:only; content:"MSFX/"; depth:5; http_user_agent; content:!"Referer|3a 20|"; http_header; classtype:misc-activity; sid:2020475; rev:3;)

official : alert http $HOME_NET any -> $EXTERNAL_NET any (msg:"ET POLICY Metasploit Framework Checking For Update"; flow:established,to_server; content:"POST"; http_method; urilen:13; content:"/updateserver"; http_uri; fast_pattern:only; content:"MSFX/"; depth:5; http_user_agent; http_header_names; content:!"Referer"; classtype:misc-activity; sid:2020475; rev:4; metadata:affected_product Any, attack_target Client_and_Server, deployment Perimeter, deployment Internet, deployment Internal, deployment Datacenter, tag Metasploit, signature_severity Critical, created_at 2015_02_18, updated_at 2016_07_01;)

====================
local : #alert udp $HOME_NET any -> any 53 (msg:"ET POLICY Dropbox DNS Lookup - Possible Offsite File Backup in Use"; content:"|01 00 00 01 00 00 00 00 00 00|"; depth:10; offset:2; content:"|09|client-lb|07|dropbox|03|com|00|"; nocase; distance:0; fast_pattern; reference:url,dropbox.com; classtype:policy-violation; sid:2020565; rev:1;)

official : alert dns $HOME_NET any -> any any (msg:"ET POLICY Dropbox DNS Lookup - Possible Offsite File Backup in Use"; dns_query; content:"client-lb.dropbox.com"; nocase; isdataat:!1,relative; reference:url,dropbox.com; classtype:policy-violation; sid:2020565; rev:2; metadata:created_at 2015_02_24, updated_at 2015_02_24;)

====================
local : #alert http $HOME_NET any -> $EXTERNAL_NET any (msg:"ET POLICY Possible External IP Lookup ipinfo.io"; flow:established,to_server; content:"Host|3a 20|ipinfo.io|0d 0a|"; http_header; fast_pattern:only; content:!"Referer|3a|"; http_header;  classtype:policy-violation; sid:2020716; rev:3;)

official : alert http $HOME_NET any -> $EXTERNAL_NET any (msg:"ET POLICY Possible External IP Lookup ipinfo.io"; flow:established,to_server; content:"ipinfo.io"; http_host; depth:9; isdataat:!1,relative; fast_pattern; http_header_names; content:!"Referer"; classtype:policy-violation; sid:2020716; rev:4; metadata:created_at 2015_03_19, updated_at 2015_03_19;)

====================
local : #alert http $HOME_NET any -> $EXTERNAL_NET any (msg:"ET POLICY Possible External IP Lookup whoer.net"; flow:established,to_server; content:"Host|3a 20|whoer.net|0d 0a|"; http_header; fast_pattern:only; content:!"Referer|3a|"; http_header; classtype:trojan-activity; sid:2021195; rev:2;)

official : alert http $HOME_NET any -> $EXTERNAL_NET any (msg:"ET POLICY Possible External IP Lookup whoer.net"; flow:established,to_server; content:"Host|3a 20|whoer.net|0d 0a|"; http_header; fast_pattern:only; content:!"Referer|3a|"; http_header; metadata: former_category POLICY; classtype:policy-violation; sid:2021195; rev:3; metadata:tag IP_address_lookup_website, created_at 2015_06_08, updated_at 2017_07_18;)

====================
local : #alert http $HOME_NET any -> $EXTERNAL_NET any (msg:"ET POLICY External IP Lookup - checkip.dyndns.org"; flow:established,to_server; content:"Host|3A 20|checkip.dyndns.org|0d 0a|"; fast_pattern:only; http_header; classtype:policy-violation; sid:2021378; rev:2;)

official : alert http $HOME_NET any -> $EXTERNAL_NET any (msg:"ET POLICY External IP Lookup - checkip.dyndns.org"; flow:established,to_server; content:"checkip.dyndns.org"; fast_pattern; http_host; depth:18; isdataat:!1,relative; classtype:policy-violation; sid:2021378; rev:3; metadata:created_at 2015_07_02, updated_at 2015_07_02;)

====================
local : #alert http $HOME_NET any -> $EXTERNAL_NET any (msg:"ET POLICY External IP Lookup sina.com.cn"; flow:established,to_server; content:"GET"; http_method; content:"/iplookup.php"; http_uri; content:"dpool.sina.com.cn"; fast_pattern:only; http_header; classtype:policy-violation; sid:2021438; rev:2;)

official : alert http $HOME_NET any -> $EXTERNAL_NET any (msg:"ET POLICY External IP Lookup sina.com.cn"; flow:established,to_server; content:"GET"; http_method; content:"/iplookup.php"; http_uri; content:"dpool.sina.com.cn"; fast_pattern; http_host; classtype:policy-violation; sid:2021438; rev:3; metadata:created_at 2015_07_20, updated_at 2015_07_20;)

====================
local : #alert http $HOME_NET any -> $EXTERNAL_NET any (msg:"ET POLICY External IP Lookup - www.ip.cn"; flow:established,to_server; content:"Host|3A 20|www.ip.cn|0d 0a|"; fast_pattern:only; http_header; classtype:policy-violation; sid:2021600; rev:2;)

official : alert http $HOME_NET any -> $EXTERNAL_NET any (msg:"ET POLICY External IP Lookup - www.ip.cn"; flow:established,to_server; content:"www.ip.cn"; http_host; depth:9; isdataat:!1,relative; classtype:policy-violation; sid:2021600; rev:3; metadata:created_at 2015_08_06, updated_at 2015_08_06;)

====================
local : #alert http $HOME_NET any -> $EXTERNAL_NET any (msg:"ET POLICY External IP Lookup api.ipify.org"; flow:established,to_server; urilen:1; content:"GET"; http_method; content:"Host|3a 20|api.ipify.org"; http_header; fast_pattern:only; reference:md5,79809fd3e05a852581b897cc4b06aa32; classtype:policy-violation; sid:2021997; rev:2;)

official : alert http $HOME_NET any -> $EXTERNAL_NET any (msg:"ET POLICY External IP Lookup api.ipify.org"; flow:established,to_server; urilen:1; content:"GET"; http_method; content:"api.ipify.org"; http_host; fast_pattern; reference:md5,79809fd3e05a852581b897cc4b06aa32; classtype:policy-violation; sid:2021997; rev:3; metadata:created_at 2015_10_23, updated_at 2015_10_23;)

====================
local : #alert udp $HOME_NET any -> any 53 (msg:"ET POLICY DNS Query to .onion proxy Domain (forkinvestpay.com)"; content:"|01 00 00 01 00 00 00 00 00 00|"; depth:10; offset:2; content:"|0d|forkinvestpay|03|com|00|"; fast_pattern; distance:0; nocase; reference:url,en.wikipedia.org/wiki/Tor_(anonymity_network); classtype:policy-violation; sid:2022045; rev:3;)

official : alert dns $HOME_NET any -> any any (msg:"ET POLICY DNS Query to .onion proxy Domain (forkinvestpay.com)"; dns_query; content:"forkinvestpay.com"; nocase; isdataat:!1,relative; reference:url,en.wikipedia.org/wiki/Tor_(anonymity_network); classtype:policy-violation; sid:2022045; rev:4; metadata:affected_product Any, attack_target Client_Endpoint, deployment Perimeter, tag DNS_Onion_Query, signature_severity Audit, created_at 2015_11_06, updated_at 2016_07_01;)

====================
local : #alert http $HOME_NET any -> $EXTERNAL_NET any (msg:"ET POLICY External IP Lookup ip-api.com"; flow:established,to_server; content:"Host|3a 20|ip-api.com|0d 0a|"; http_header; fast_pattern:only; classtype:policy-violation; sid:2022082; rev:2;)

official : alert http $HOME_NET any -> $EXTERNAL_NET any (msg:"ET POLICY External IP Lookup ip-api.com"; flow:established,to_server; content:"ip-api.com"; http_host; classtype:policy-violation; sid:2022082; rev:3; metadata:created_at 2015_11_13, updated_at 2015_11_13;)

====================
local : #alert udp $HOME_NET any -> any 53 (msg:"ET POLICY DNS Query for .onion proxy Domain (onion.link)"; content:"|01 00 00 01 00 00 00 00 00 00|"; depth:10; offset:2; content:"|05|onion|04|link|00|"; nocase; reference:url,en.wikipedia.org/wiki/Tor_(anonymity_network); classtype:trojan-activity; sid:2022332; rev:4;)

official : alert udp $HOME_NET any -> any 53 (msg:"ET POLICY DNS Query to .onion proxy Domain (onion.link)"; content:"|01 00 00 01 00 00 00 00 00 00|"; depth:10; offset:2; content:"|05|onion|04|link|00|"; nocase; metadata: former_category POLICY; reference:url,en.wikipedia.org/wiki/Tor_(anonymity_network); classtype:trojan-activity; sid:2022332; rev:5; metadata:affected_product Any, attack_target Client_Endpoint, deployment Perimeter, tag DNS_Onion_Query, signature_severity Audit, created_at 2016_01_05, updated_at 2017_09_05;)

====================
local : #alert http $HOME_NET any -> $EXTERNAL_NET any (msg:"ET POLICY External IP Lookup - ipecho.net"; flow:established,to_server; content:"Host|3a 20|ipecho.net|0d 0a|"; http_header; fast_pattern:only; classtype:policy-violation; sid:2022351; rev:2;)

official : alert http $HOME_NET any -> $EXTERNAL_NET any (msg:"ET POLICY External IP Lookup - ipecho.net"; flow:established,to_server; content:"ipecho.net"; http_host; depth:10; isdataat:!1,relative; metadata: former_category POLICY; classtype:policy-violation; sid:2022351; rev:3; metadata:created_at 2016_01_11, updated_at 2017_03_08;)

====================
local : #alert tls $EXTERNAL_NET 443 -> $HOME_NET any (msg:"ET POLICY Logmein.com/Join.me SSL Remote Control Access"; flow:established,from_server; content:"|16 03|"; depth:2; content:"|55 04 0a|"; distance:0; content:"|0d|LogMeIn, Inc."; distance:1; within:14; content:"join.me"; classtype:policy-violation; sid:2022551; rev:2;)

official : alert tls $EXTERNAL_NET any -> $HOME_NET any (msg:"ET POLICY Logmein.com/Join.me SSL Remote Control Access"; flow:established,from_server; tls_cert_subject; content:"LogMeIn, Inc."; fast_pattern; content:"join.me"; classtype:policy-violation; sid:2022551; rev:3; metadata:created_at 2016_02_22, updated_at 2016_02_22;)

====================
local : #alert udp $HOME_NET any -> any 53 (msg:"ET POLICY DNS Query for .onion proxy Domain (torgate.es)"; content:"|01 00 00 01 00 00 00 00 00 00|"; depth:10; offset:2; content:"|07|torgate|02|es|00|"; fast_pattern; distance:0; nocase; reference:url,en.wikipedia.org/wiki/Tor_(anonymity_network); classtype:policy-violation; sid:2022644; rev:3;)

official : alert udp $HOME_NET any -> any 53 (msg:"ET POLICY DNS Query to .onion proxy Domain (torgate.es)"; content:"|01 00 00 01 00 00 00 00 00 00|"; depth:10; offset:2; content:"|07|torgate|02|es|00|"; fast_pattern; distance:0; nocase; metadata: former_category POLICY; reference:url,en.wikipedia.org/wiki/Tor_(anonymity_network); classtype:policy-violation; sid:2022644; rev:4; metadata:affected_product Any, attack_target Client_Endpoint, deployment Perimeter, tag DNS_Onion_Query, signature_severity Audit, created_at 2016_03_23, updated_at 2017_09_05;)

====================
local : #alert udp $HOME_NET any -> any 53 (msg:"ET POLICY OpenDNS IP Lookup"; content:"|01 00 00 01 00 00 00 00 00 00|"; depth:10; offset:2; content:"|04|myip|07|opendns|03|com"; fast_pattern; distance:0; nocase; classtype:trojan-activity; sid:2023472; rev:1;)

official : alert dns $HOME_NET any -> any any (msg:"ET POLICY External IP Lookup Domain (myip.opendns .com in DNS lookup)"; dns_query; content:"myip.opendns.com"; nocase; isdataat:!1,relative; metadata: former_category POLICY; classtype:policy-violation; sid:2023472; rev:5; metadata:affected_product Windows_XP_Vista_7_8_10_Server_32_64_Bit, attack_target Client_Endpoint, deployment Perimeter, tag IP_address_lookup_website, signature_severity Audit, created_at 2016_11_01, performance_impact Low, updated_at 2017_11_02;)

====================
local : #alert udp $HOME_NET any -> any 53 (msg:"ET POLICY Android Adups Firmware DNS Query 2"; content:"|01 00 00 01 00 00 00 00 00 00|"; depth:10; offset:2; content:"|07|bigdata|0b|adsunflower|03|com|00|"; nocase; distance:0; fast_pattern; reference:url,www.kryptowire.com/adups_security_analysis.html; classtype:policy-violation; sid:2023516; rev:1;)

official : alert dns $HOME_NET any -> any any (msg:"ET POLICY Android Adups Firmware DNS Query 2"; dns_query; content:"bigdata.adsunflower.com"; nocase; isdataat:!1,relative; metadata: former_category POLICY; reference:url,www.kryptowire.com/adups_security_analysis.html; classtype:policy-violation; sid:2023516; rev:2; metadata:affected_product Android, attack_target Mobile_Client, deployment Perimeter, tag Android, signature_severity Audit, created_at 2016_11_16, updated_at 2017_10_12;)

====================
local : #alert udp $HOME_NET any -> any 53 (msg:"ET POLICY Android Adups Firmware DNS Query 3"; content:"|01 00 00 01 00 00 00 00 00 00|"; depth:10; offset:2; content:"|07|bigdata|08|adfuture|02|cn|00|"; nocase; distance:0; fast_pattern; reference:url,www.kryptowire.com/adups_security_analysis.html; classtype:policy-violation; sid:2023517; rev:1;)

official : alert dns $HOME_NET any -> any any (msg:"ET POLICY Android Adups Firmware DNS Query 3"; dns_query; content:"bigdata.adfuture.cn"; nocase; isdataat:!1,relative; metadata: former_category POLICY; reference:url,www.kryptowire.com/adups_security_analysis.html; classtype:policy-violation; sid:2023517; rev:2; metadata:affected_product Android, attack_target Mobile_Client, deployment Perimeter, tag Android, signature_severity Audit, created_at 2016_11_16, updated_at 2017_11_30;)

====================
local : #alert udp $HOME_NET any -> any 53 (msg:"ET POLICY Android Adups Firmware DNS Query 4"; content:"|01 00 00 01 00 00 00 00 00 00|"; depth:10; offset:2; content:"|07|bigdata|06|advmob|02|cn|00|"; nocase; distance:0; fast_pattern; reference:url,www.kryptowire.com/adups_security_analysis.html; classtype:policy-violation; sid:2023518; rev:1;)

official : alert dns $HOME_NET any -> any any (msg:"ET POLICY Android Adups Firmware DNS Query 4"; dns_query; content:"bigdata.advmob.cn"; nocase; isdataat:!1,relative; metadata: former_category POLICY; reference:url,www.kryptowire.com/adups_security_analysis.html; classtype:policy-violation; sid:2023518; rev:2; metadata:affected_product Android, attack_target Mobile_Client, deployment Perimeter, tag Android, signature_severity Audit, created_at 2016_11_16, updated_at 2017_10_12;)

====================
local : #alert http $HOME_NET any -> $EXTERNAL_NET any (msg:"ET POLICY Outdated Flash Version M2"; flow:established,to_server; content:"X-Requested-With|3a 20|ShockwaveFlash/"; http_header; fast_pattern:18,15; content:!"26.0.0.131|0d 0a|"; distance:0; within:12; http_header; content:!"26.0.0.120|0d 0a|"; distance:0; within:12; http_header; threshold: type limit, count 1, seconds 60, track by_src; reference:url,www.adobe.com/software/flash/about/; classtype:policy-violation; sid:2024379; rev:5;)

official : alert http $HOME_NET any -> $EXTERNAL_NET any (msg:"ET POLICY Outdated Flash Version M2"; flow:established,to_server; content:"X-Requested-With|3a 20|ShockwaveFlash/"; http_header; fast_pattern:18,15; content:!"28.0.0.161|0d 0a|"; distance:0; within:12; http_header; threshold: type limit, count 1, seconds 60, track by_src; metadata: former_category POLICY; reference:url,www.adobe.com/software/flash/about/; classtype:policy-violation; sid:2024379; rev:15; metadata:affected_product Adobe_Flash, signature_severity Audit, created_at 2017_06_13, performance_impact Low, updated_at 2017_12_12;)

====================
start compare sid_list2 to 1  2018-03-09 02:09:39
====================
add : alert http $HOME_NET any -> $EXTERNAL_NET any (msg:"ET POLICY Internal Host Retrieving External IP Address (monip.outils-rezo. info)"; flow:established,to_server; content:"GET"; http_method; content:"/text"; http_uri; content:"Host|3a 20|"; http_header; content:"monip.outils-rezo.info|0d 0a|"; http_header; distance:0; within:24; fast_pattern; content:!"Referer|3a|"; http_header; metadata: former_category POLICY; classtype:policy-violation; sid:2024526; rev:2; metadata:affected_product Any, attack_target Client_Endpoint, deployment Perimeter, signature_severity Audit, created_at 2017_08_08, performance_impact Low, updated_at 2017_08_08;)

====================
add : alert dns $HOME_NET any -> any any (msg:"ET POLICY External IP Lookup Domain (ipapi .co in DNS lookup)"; dns_query; content:"ipapi.co"; nocase; isdataat:!1,relative; metadata: former_category POLICY; classtype:policy-violation; sid:2024527; rev:4; metadata:attack_target Client_Endpoint, deployment Perimeter, tag IP_address_lookup_website, signature_severity Audit, created_at 2017_08_08, performance_impact Low, updated_at 2017_11_02;)

====================
add : alert udp $HOME_NET any -> any 53 (msg:"ET POLICY DNS Query to .onion proxy Domain (onion.guide)"; content:"|01 00 00 01 00 00 00 00 00 00|"; depth:10; offset:2; content:"|05|onion|05|guide|00|"; nocase; metadata: former_category POLICY; reference:url,en.wikipedia.org/wiki/Tor_(anonymity_network); classtype:trojan-activity; sid:2024662; rev:2; metadata:affected_product Any, attack_target Client_Endpoint, deployment Perimeter, tag DNS_Onion_Query, signature_severity Audit, created_at 2017_09_05, performance_impact Low, updated_at 2017_09_05;)

====================
add : alert udp any any -> any 53 (msg:"ET POLICY DNS Query to .onion proxy Domain (onion.top)"; content:"|01 00 00 01 00 00 00 00 00 00|"; depth:10; offset:2; content:"|05|onion|03|top|00|"; fast_pattern; nocase; metadata: former_category POLICY; classtype:policy-violation; sid:2024665; rev:3; metadata:created_at 2017_09_06, updated_at 2017_09_12;)

====================
add : alert dns $HOME_NET any -> any any (msg:"ET POLICY DNS Query For Browser Cryptocurrency Mining Domain"; content:"|06|static|0a|reasedoper|02|pw|00|"; fast_pattern; nocase;dns_query; content:"static.reasedoper.pw"; isdataat:!1,relative; metadata: former_category CURRENT_EVENTS; reference:url,www.welivesecurity.com/2017/09/14/cryptocurrency-web-mining-union-profit/; classtype:trojan-activity; sid:2024779; rev:4; metadata:affected_product Web_Browsers, created_at 2017_09_27, malware_family CoinMiner, updated_at 2017_11_03;)

====================
add : #alert tls $HOME_NET any  -> $EXTERNAL_NET any (msg:"ET POLICY Request for Coinhive Browser Monero Miner M1"; flow:established,to_server; tls_sni; content:"coinhive.com"; metadata: former_category POLICY; classtype:policy-violation; sid:2024785; rev:1; metadata:affected_product Web_Browsers, attack_target Client_Endpoint, deployment Perimeter, signature_severity Minor, created_at 2017_09_29, updated_at 2017_10_02;)

====================
add : alert tls $EXTERNAL_NET any -> $HOME_NET any (msg:"ET POLICY Request for Coinhive Browser Monero Miner M2"; flow:established,from_server; tls_cert_serial; content:"0A:E1:E6:BD:51:FB:3D:8F:06:BE:0D:B5:5E:BD:E9:DF"; metadata: former_category POLICY; classtype:policy-violation; sid:2024786; rev:2; metadata:affected_product Web_Browsers, attack_target Client_Endpoint, deployment Perimeter, signature_severity Minor, created_at 2017_09_29, updated_at 2017_09_29;)

====================
add : #alert tls $HOME_NET any  -> $EXTERNAL_NET any (msg:"ET POLICY Request for Jsecoin Browser Miner M1"; flow:established,to_server; tls_sni; content:"jsecoin.com"; metadata: former_category POLICY; classtype:policy-violation; sid:2024787; rev:1; metadata:affected_product Web_Browsers, attack_target Client_Endpoint, deployment Perimeter, signature_severity Minor, created_at 2017_09_29, updated_at 2017_10_02;)

====================
add : alert tls $EXTERNAL_NET any -> $HOME_NET any (msg:"ET POLICY Request for Jsecoin Browser Miner M2"; flow:established,from_server; tls_cert_serial; content:"00:E7:F9:B6:DE:A6:57:93:E2:44:6A:3B:95:C6:B3:EC:DF"; metadata: former_category POLICY; classtype:policy-violation; sid:2024788; rev:2; metadata:affected_product Web_Browsers, attack_target Client_Endpoint, deployment Perimeter, signature_severity Minor, created_at 2017_09_29, updated_at 2017_09_29;)

====================
add : alert udp $HOME_NET any -> any 53 (msg:"ET POLICY DNS request for Monero mining pool"; content:"|01 00 00 01 00 00 00 00 00 00|"; depth:10; offset:2; content:"|04|pool|07|minexmr|03|com|00|"; nocase; distance:0; fast_pattern; metadata: former_category POLICY; reference:url,github.com/nccgroup/Cyber-Defence/blob/master/Signatures/suricata/2017_09_monero_malware.txt; reference:url,www.welivesecurity.com/2017/09/28/monero-money-mining-malware/; classtype:trojan-activity; sid:2024789; rev:1; metadata:affected_product Web_Browsers, attack_target Client_Endpoint, deployment Perimeter, signature_severity Minor, created_at 2017_09_29, updated_at 2017_09_29;)

====================
add : alert tcp $HOME_NET any -> $EXTERNAL_NET any (msg:"ET POLICY Cryptocurrency Miner Checkin"; flow:established,to_server; content:"|7b 22|id|22 3a|"; nocase; depth:6; fast_pattern; content:"|22|jsonrpc|22 3a|"; nocase; distance:0; content:"|22 2c 22|method|22 3a 22|login|22 2c 22|params|22 3a 7b 22|login|22 3a 22|"; nocase; distance:0; content:"|22 2c 22|pass|22 3a 22|"; nocase; distance:0; content:"|22 2c 22|agent|22 3a 22|"; nocase; distance:0; content:!"<title"; nocase; content:!"<script"; nocase; content:!"<html"; nocase; metadata: former_category POLICY; classtype:policy-violation; sid:2024792; rev:2; metadata:affected_product Windows_XP_Vista_7_8_10_Server_32_64_Bit, attack_target Client_Endpoint, deployment Perimeter, signature_severity Minor, created_at 2017_10_02, updated_at 2017_10_02;)

====================
add : alert dns $HOME_NET any -> any 53 (msg:"ET POLICY Observed IP Lookup Domain (formyip .com in DNS Lookup)"; dns_query; content:"formyip.com"; isdataat:!1,relative; metadata: former_category POLICY; classtype:policy-violation; sid:2024830; rev:2; metadata:created_at 2017_10_10, updated_at 2017_10_10;)

====================
add : alert dns $HOME_NET any -> any any (msg:"ET POLICY Observed IP Lookup Domain (l2 .io in DNS Lookup)"; dns_query; content:"l2.io"; isdataat:!1,relative; metadata: former_category POLICY; classtype:policy-violation; sid:2024831; rev:3; metadata:attack_target Client_Endpoint, deployment Perimeter, signature_severity Audit, created_at 2017_10_10, updated_at 2017_10_10;)

====================
add : alert tls $HOME_NET any -> $EXTERNAL_NET any (msg:"ET POLICY Observed IP Lookup Domain (formyip .com in TLS SNI)"; flow:established,to_server; content:"formyip.com"; fast_pattern:only; nocase; metadata: former_category POLICY; classtype:policy-violation; sid:2024832; rev:2; metadata:created_at 2017_10_10, updated_at 2017_10_10;)

====================
add : alert tls $HOME_NET any -> $EXTERNAL_NET any (msg:"ET POLICY Observed IP Lookup Domain (l2 .io in TLS SNI)"; flow:established,to_server; tls_sni; content:"l2.io"; fast_pattern; nocase; metadata: former_category POLICY; classtype:policy-violation; sid:2024833; rev:3; metadata:attack_target Client_Endpoint, deployment Perimeter, signature_severity Audit, created_at 2017_10_10, performance_impact Moderate, updated_at 2017_10_10;)

====================
add : alert tcp $EXTERNAL_NET 443 -> $HOME_NET any (msg:"ET POLICY PTsecurity Remote Desktop AeroAdmin Server Hello"; flow:established,to_client; dsize:9; stream_size:client,=,1; stream_size:server,=,10; content:"|05 00 00 00 00 ff ff ff ff|"; depth:9; fast_pattern; metadata: former_category POLICY; classtype:policy-violation; sid:2025008; rev:1; metadata:affected_product Windows_XP_Vista_7_8_10_Server_32_64_Bit, attack_target Client_Endpoint, deployment Perimeter, signature_severity Major, created_at 2017_11_16, performance_impact Low, updated_at 2017_11_16;)

====================
add : alert tcp $HOME_NET any -> $EXTERNAL_NET 443 (msg:"ET POLICY PTsecurity Remote Desktop AeroAdmin handshake"; flow:established,to_server; content:"|e1 00 00 00 00|"; depth:5; content:"|0b 00 00 d8 00 00 00 4d 49 47 64 4d 41|"; distance:1; within:13; fast_pattern; threshold: type limit, track by_src, count 1, seconds 30; metadata: former_category POLICY; classtype:policy-violation; sid:2025009; rev:1; metadata:affected_product Windows_XP_Vista_7_8_10_Server_32_64_Bit, attack_target Client_Endpoint, deployment Perimeter, signature_severity Major, created_at 2017_11_16, performance_impact Low, updated_at 2017_11_16;)

====================
add : alert dns $HOME_NET any -> any any (msg:"ET POLICY .onion proxy Domain (onion .plus in DNS Lookup)"; dns_query; content:"onion.plus"; isdataat:!1,relative; metadata: former_category POLICY; reference:url,en.wikipedia.org/wiki/Tor_(anonymity_network); classtype:trojan-activity; sid:2025095; rev:2; metadata:created_at 2017_12_01, updated_at 2017_12_01;)

====================
add : alert dns $HOME_NET any -> any any (msg:"ET POLICY DNS Query to .onion proxy Domain (onion .casa in DNS Lookup)"; dns_query; content:"onion.casa"; isdataat:!1,relative; metadata: former_category POLICY; reference:url,en.wikipedia.org/wiki/Tor_(anonymity_network); classtype:trojan-activity; sid:2025096; rev:2; metadata:created_at 2017_12_01, updated_at 2017_12_01;)

====================
add : alert http $HOME_NET any -> $EXTERNAL_NET any (msg:"ET POLICY localtunnel Connection Setup Attempt"; flow:established,to_server; content:"localtunnel.me"; http_host; fast_pattern; isdataat:!1,relative; http_header_names; content:"|0d 0a|host|0d 0a|accept"; depth:14; content:!"User-Agent"; content:!"Host"; content:!"Referer"; content:!"Accept"; metadata: former_category POLICY; reference:url,localtunnel.github.io/www/; classtype:policy-violation; sid:2025116; rev:2; metadata:attack_target Client_and_Server, deployment Perimeter, signature_severity Minor, created_at 2017_12_04, updated_at 2017_12_04;)

====================
add : alert http $EXTERNAL_NET any -> $HOME_NET any (msg:"ET POLICY localtunnel Sucessful Connection Setup"; flow:established,from_server; content:"200"; http_stat_code; file_data; content:"|7b 22|port|22 3a|"; content:"|22|max_conn_count|22 3a|"; distance:0; content:"|22|id|22 3a|"; distance:0; content:"|22|url|22 3a|"; distance:0; content:"localtunnel.me|22 7d|"; distance:0; metadata: former_category POLICY; reference:url,localtunnel.github.io/www/; classtype:policy-violation; sid:2025117; rev:1; metadata:attack_target Client_and_Server, deployment Perimeter, signature_severity Minor, created_at 2017_12_04, updated_at 2017_12_04;)

====================
add : alert dns $HOME_NET any -> any any (msg:"ET POLICY possible OnePlus phone data leakage DNS"; dns_query; content:"open.oneplus.net"; nocase; isdataat:!1,relative; metadata: former_category POLICY; reference:url,www.chrisdcmoore.co.uk/post/oneplus-analytics/; classtype:policy-violation; sid:2025133; rev:3; metadata:affected_product Android, attack_target Mobile_Client, deployment Perimeter, tag Android, signature_severity Minor, created_at 2017_12_06, malware_family Android_OnePlus, updated_at 2017_12_06;)

====================
add : alert http $HOME_NET any -> $EXTERNAL_NET any (msg:"ET POLICY OnePlus phone data leakage"; flow:to_server,established; content:"POST"; http_method; nocase; content:"/cloud/pushdata|20|HTTP/1."; fast_pattern; content:"okhttp/"; depth:7; http_user_agent; content:!"Referer|3a 20|"; content:"data="; depth:5; http_client_body; http_header_names; content:!"Referer|3a 20|"; metadata: former_category POLICY; reference:url,www.chrisdcmoore.co.uk/post/oneplus-analytics/; classtype:policy-violation; sid:2025134; rev:3; metadata:affected_product Android, attack_target Mobile_Client, deployment Perimeter, tag Android, signature_severity Minor, created_at 2017_12_06, malware_family Android_OnePlus, updated_at 2017_12_06;)

====================
add : alert dns $HOME_NET any -> any any (msg:"ET POLICY localtunnel Reverse Proxy Domain (localtunnel .me in DNS Lookup)"; dns_query; content:".localtunnel.me"; isdataat:!1,relative; metadata: former_category POLICY; reference:url,localtunnel.github.io/www/; classtype:policy-violation; sid:2025138; rev:2; metadata:created_at 2017_12_06, updated_at 2017_12_06;)

====================
add : alert tls $HOME_NET any -> $EXTERNAL_NET any (msg:"ET POLICY localtunnel Reverse Proxy Domain (localtunnel .me in TLS SNI)"; flow:established,to_server; tls_sni; content:".localtunnel.me"; isdataat:!1,relative; nocase; metadata: former_category POLICY; reference:url,localtunnel.github.io/www/; classtype:policy-violation; sid:2025139; rev:2; metadata:created_at 2017_12_06, updated_at 2017_12_06;)

====================
add : alert http $HOME_NET any -> $EXTERNAL_NET any (msg:"ET POLICY IP Check (rl. ammyy. com)"; flow:to_server,established; urilen:1; content:"rl.ammyy.com"; http_host;  depth:12; isdataat:!1,relative; fast_pattern; content:"|0d 0a 0d 0a|"; isdataat:!1,relative; classtype:policy-violation; sid:2025149; rev:2; metadata:created_at 2017_12_13, updated_at 2017_12_13;)

====================
add : alert http $EXTERNAL_NET any -> $HOME_NET any (msg:"ET POLICY IP Check Response (rl. ammyy. com)"; flow:to_client,established; file_data; content:"Your IP="; depth:8; content:", country = "; distance:0; isdataat:!3,relative; classtype:policy-violation; sid:2025150; rev:1; metadata:created_at 2017_12_13, updated_at 2017_12_13;)

====================
add : alert dns $HOME_NET any -> any any (msg:"ET POLICY External IP Lookup Domain (curlmyip .net in DNS lookup)"; dns_query; content:"curlmyip.net"; nocase; isdataat:!1,relative; metadata: former_category POLICY; reference:md5,c375012865b94fa037d23c555e6c2772; classtype:policy-violation; sid:2025154; rev:1; metadata:affected_product Windows_XP_Vista_7_8_10_Server_32_64_Bit, affected_product Mac_OSX, affected_product Linux, attack_target Client_Endpoint, deployment Perimeter, signature_severity Minor, created_at 2017_12_15, performance_impact Low, updated_at 2017_12_15;)

====================
add : alert http $HOME_NET any -> $EXTERNAL_NET any (msg:"ET POLICY Vulnerable Java Version 9.0.x Detected"; flow:established,to_server; content:"Java/9.0."; http_user_agent; content:!"4"; within:1; http_user_agent; flowbits:set,ET.http.javaclient.vulnerable; threshold: type limit, count 2, seconds 300, track by_src; metadata: former_category POLICY; reference:url,javatester.org/version.html; reference:url,www.oracle.com/technetwork/java/javase/documentation/index.html; classtype:bad-unknown; sid:2025314; rev:1; metadata:affected_product Java, attack_target Client_Endpoint, deployment Perimeter, deployment Internal, signature_severity Audit, created_at 2018_02_05, performance_impact Low, updated_at 2018_02_05;)

====================
add : #alert tls $EXTERNAL_NET any -> $HOME_NET any (msg:"ET POLICY [Fidelis] Abnormal x509v3 SubjectKeyIdentifier extension"; flow:established,from_server; dsize:>768; content:"|16 03|"; depth:2; content:"|06 03 55 1d 0e 04|"; offset:336; pcre:"/^.\x04[^\x08\x10\x14\x20\x30\x40]/R"; threshold: type limit, track by_src, seconds 30, count 1; metadata: former_category POLICY; reference:url,www.fidelissecurity.com/threatgeek/2018/02/exposing-x509-vulnerabilities; classtype:misc-attack; sid:2025319; rev:2; metadata:attack_target Client_Endpoint, deployment Perimeter, signature_severity Major, created_at 2018_02_06, updated_at 2018_02_07;)

====================
add : #alert tls $EXTERNAL_NET any -> $HOME_NET any (msg:"ET POLICY [Fidelis] Abnormal Very Long x509v3 SubjectKeyIdentifier Extension"; flow:established,from_server; dsize:>768; content:"|16 03|"; depth:2; content:"|06 03 55 1d 0e 04|"; offset:336; pcre:"/^[\x80-\xff]/R"; threshold: type limit, track by_src, seconds 30, count 1; metadata: former_category POLICY; reference:url,www.fidelissecurity.com/threatgeek/2018/02/exposing-x509-vulnerabilities; classtype:misc-attack; sid:2025320; rev:2; metadata:attack_target Client_Endpoint, deployment Perimeter, signature_severity Major, created_at 2018_02_06, updated_at 2018_02_07;)

====================
add : alert tls $EXTERNAL_NET any -> $HOME_NET any (msg:"ET POLICY Possible Windows Binary Observed in SSL/TLS Certificate"; flow:established,from_server; dsize:>768; content:"|16|"; content:"|0b|"; within:8; content:"This program cannot be run in DOS mode"; nocase; metadata: former_category POLICY; reference:url,www.fidelissecurity.com/threatgeek/2018/02/exposing-x509-vulnerabilities; classtype:misc-attack; sid:2025315; rev:1; metadata:attack_target Client_Endpoint, deployment Perimeter, signature_severity Major, created_at 2018_02_06, updated_at 2018_02_06;)

====================
add : alert tls $EXTERNAL_NET any -> $HOME_NET any (msg:"ET POLICY Possible External IP Lookup SSL Cert Observed (ipinfo.io)"; flow:from_server,established; content:"|16|"; content:"|0b|"; within:8; content:"|55 04 0a|"; distance:0; content:"|0d|Let's|20|Encrypt"; distance:0; within:15; content:"|55 04 03|"; distance:0; content:"|09|ipinfo.io"; distance:1; within:10; metadata: former_category POLICY; classtype:policy-violation; sid:2025330; rev:1; metadata:affected_product Windows_XP_Vista_7_8_10_Server_32_64_Bit, affected_product Mac_OSX, affected_product Linux, attack_target Client_Endpoint, deployment Perimeter, signature_severity Minor, created_at 2018_02_07, performance_impact Low, updated_at 2018_02_07;)

====================
add : alert tls $HOME_NET any -> $EXTERNAL_NET 443 (msg:"ET POLICY Possible External IP Lookup Domain Observed in SNI (ipinfo. io)"; flow:to_server,established; content:"|16|"; depth:1; content:"|00 00 09|ipinfo.io"; distance:0; metadata: former_category POLICY; classtype:trojan-activity; sid:2025331; rev:3; metadata:affected_product Windows_XP_Vista_7_8_10_Server_32_64_Bit, affected_product Mac_OSX, affected_product Linux, attack_target Client_Endpoint, deployment Perimeter, signature_severity Minor, created_at 2018_02_07, performance_impact Low, updated_at 2018_02_12;)

====================
process end 2018-03-09 02:10:31
