==================== 
file exist, opening : C:/Users/muhe/Desktop/links/wirte/Ali0thNotes/Protocols Security/script/suricata rules update management2/temp/emerging-web_specific_apps.rules
==================== 
start compare_sid 2018-03-19 14:37:35
==================== 
start compare sid_list1 to 2, sid_list1 len is 5451, sid_list2 len is 5459 2018-03-19 14:37:35
==================== 
local : #alert http $EXTERNAL_NET any -> $HTTP_SERVERS $HTTP_PORTS (msg:"ET WEB_SPECIFIC_APPS HotNews hnmain.inc.php3 incdir Parameter Remote File Inclusion Attempt"; flow:to_server,established; content:"GET"; http_method; content:"/includes/hnmain.inc.php3?"; nocase; http_uri; content:"config[incdir]="; nocase; http_uri; pcre:"/config\[incdir\]=\s*(ftps?|https?|php)\:\//Ui"; reference:url,inj3ct0r.com/exploits/11731; reference:url,exploit-db.com/exploits/12160; reference:url,doc.emergingthreats.net/2011161; classtype:web-application-attack; sid:2011161; rev:4;)
 2018-03-19 14:37:43
==================== 
official : alert http $EXTERNAL_NET any -> $HTTP_SERVERS $HTTP_PORTS (msg:"ET WEB_SPECIFIC_APPS HotNews hnmain.inc.php3 incdir Parameter Remote File Inclusion Attempt"; flow:to_server,established; content:"GET"; http_method; content:"/includes/hnmain.inc.php3?"; nocase; http_uri; content:"config[incdir]="; nocase; http_uri; distance:0; pcre:"/^\s*(ftps?|https?|php)\:\//URi"; reference:url,inj3ct0r.com/exploits/11731; reference:url,exploit-db.com/exploits/12160; reference:url,doc.emergingthreats.net/2011161; classtype:web-application-attack; sid:2011161; rev:5; metadata:created_at 2010_07_30, updated_at 2010_07_30;)
 2018-03-19 14:37:57
==================== 
local : #alert tcp $EXTERNAL_NET any -> $HTTP_SERVERS $HTTP_PORTS (msg:"ET WEB_SPECIFIC_APPS Open Source Support Ticket System module.php Local File Inclusion Attempt"; flow:established,to_server; content:"GET"; http_method; content:"/module.php?"; nocase; http_uri; content:"module=osTicket"; nocase; http_uri; content:"file="; http_uri; nocase; content:"../"; depth:200; reference:url,packetstormsecurity.org/files/view/95646/osticket-lfi.txt; classtype:web-application-attack; sid:2011941; rev:2;)
 2018-03-19 14:38:06
==================== 
official : alert http $EXTERNAL_NET any -> $HTTP_SERVERS any (msg:"ET WEB_SPECIFIC_APPS Open Source Support Ticket System module.php Local File Inclusion Attempt"; flow:established,to_server; content:"GET"; http_method; content:"/module.php?module=osTicket&file=../"; http_uri; fast_pattern; reference:url,packetstormsecurity.org/files/view/95646/osticket-lfi.txt; classtype:web-application-attack; sid:2011941; rev:3; metadata:affected_product Web_Server_Applications, attack_target Server, deployment Datacenter, tag Local_File_Inclusion, signature_severity Major, created_at 2010_11_19, updated_at 2016_07_01;)
 2018-03-19 14:38:20
==================== 
local : #alert http $EXTERNAL_NET any -> $HTTP_SERVERS any (msg:"ET WEB_SPECIFIC_APPS WP Jetpack/Twentyfifteen Possible XSS Request"; flow:to_server,established; content:"/genericons/example.html"; http_uri; fast_pattern:only; pcre:"/\/genericons\/example\.html$/U"; reference:url,blog.sucuri.net/2015/05/jetpack-and-twentyfifteen-vulnerable-to-dom-based-xss.html; classtype:web-application-attack; sid:2021062; rev:2;)
 2018-03-19 14:38:28
==================== 
official : alert http $EXTERNAL_NET any -> $HTTP_SERVERS any (msg:"ET WEB_SPECIFIC_APPS WP Jetpack/Twentyfifteen Possible XSS Request"; flow:established,to_server; content:"/genericons/example.html"; http_uri; isdataat:!1,relative; fast_pattern; reference:url,blog.sucuri.net/2015/05/jetpack-and-twentyfifteen-vulnerable-to-dom-based-xss.html; classtype:web-application-attack; sid:2021062; rev:3; metadata:created_at 2015_05_06, updated_at 2015_05_06;)
 2018-03-19 14:38:42
==================== 
local : #alert http $EXTERNAL_NET any -> $HTTP_SERVERS any (msg:"ET WEB_SPECIFIC_APPS Possible Apache Struts OGNL Expression Injection (CVE-2017-5638)"; flow:to_server,established; content:"ProcessBuilder"; http_header; content:"apache"; http_header; nocase; content:"struts"; http_header; pcre:"/^Content-Type\x3a\x20(?=[^\r\n]*?ProcessBuilder)[^\r\n]*?\.struts/Hmi"; reference:cve,2017-5638; reference:url,github.com/rapid7/metasploit-framework/issues/8064; classtype:web-application-attack; sid:2024038; rev:2;)
 2018-03-19 14:38:50
==================== 
official : alert http $EXTERNAL_NET any -> $HTTP_SERVERS any (msg:"ET WEB_SPECIFIC_APPS Possible Apache Struts OGNL Expression Injection (CVE-2017-5638)"; flow:established,to_server; content:"apache"; http_header; http_content_type; content:"ProcessBuilder"; content:".struts"; distance:0; metadata: former_category WEB_SPECIFIC_APPS; reference:cve,2017-5638; reference:url,github.com/rapid7/metasploit-framework/issues/8064; classtype:web-application-attack; sid:2024038; rev:3; metadata:affected_product Apache_Struts2, attack_target Web_Server, deployment Perimeter, signature_severity Major, created_at 2017_03_08, performance_impact Low, updated_at 2017_03_08;)
 2018-03-19 14:39:04
==================== 
local : #alert http $EXTERNAL_NET any -> $HTTP_SERVERS any (msg:"ET WEB_SPECIFIC_APPS Possible Apache Struts OGNL Expression Injection (CVE-2017-5638) M2"; flow:to_server,established; content:"Content-Type|3a|"; http_header; nocase; content:"multipart/form-data"; http_header; content:"{"; http_header; nocase; content:"}"; http_header; pcre:"/^Content-Type\x3a(?=[^\r\n]*?multipart\/form-data)[^\r\n]*?\{[^\r\n]{15,}\}/Hmi"; classtype:web-application-attack; sid:2024044; rev:3;)
 2018-03-19 14:39:12
==================== 
official : alert http $EXTERNAL_NET any -> $HTTP_SERVERS any (msg:"ET WEB_SPECIFIC_APPS Possible Apache Struts OGNL Expression Injection (CVE-2017-5638) M2"; flow:established,to_server; http_content_type; content:"multipart/form-data"; content:"{"; distance:0; content:"}"; distance:15; metadata: former_category WEB_SPECIFIC_APPS; classtype:web-application-attack; sid:2024044; rev:4; metadata:affected_product Apache_Struts2, attack_target Server, deployment Datacenter, signature_severity Major, created_at 2017_03_10, performance_impact Low, updated_at 2017_03_10;)
 2018-03-19 14:39:26
==================== 
start compare sid_list2 to 1 2018-03-19 14:39:26
==================== 
add : alert http any any -> $HTTP_SERVERS any (msg:"ET WEB_SPECIFIC_APPS OGNL Expression Injection (CVE-2017-9791)"; flow:established,to_server; content:"POST"; http_method; nocase; content:"multipart"; http_client_body; content:"form-data"; http_client_body; distance:1; within:11; content:"ognl.OgnlContext"; http_client_body; distance:1; fast_pattern; content:"DEFAULT_MEMBER_ACCESS"; http_client_body; distance:1; within:23; content:"java.lang.ProcessBuilder"; http_client_body; distance:1; content:".start"; http_client_body; distance:1; metadata: former_category WEB_SPECIFIC_APPS; reference:url,securityonline.info/tutorial-cve-2017-9791-apache-struts2-s2-048-remote-code-execution-vulnerability/; reference:cve,2017-9791; classtype:attempted-user; sid:2024468; rev:2; metadata:affected_product Apache_Struts2, attack_target Web_Server, deployment Datacenter, signature_severity Major, created_at 2017_07_14, performance_impact Low, updated_at 2017_07_14;)

==================== 
add : alert http any any -> $HTTP_SERVERS any (msg:"ET WEB_SPECIFIC_APPS Apache Tomcat Possible CVE-2017-12617 JSP Upload Bypass Attempt"; flow:to_server,established; content:"PUT"; http_method; content:".jsp/"; http_uri; nocase; fast_pattern:only; pcre:"/\.jsp\/[^\x2f]*$/Ui"; metadata: former_category WEB_SPECIFIC_APPS; reference:cve,2017-12617; reference:cve,2017-12615; classtype:web-application-attack; sid:2024808; rev:4; metadata:affected_product Apache_Tomcat, attack_target Web_Server, deployment Datacenter, signature_severity Major, created_at 2017_10_05, updated_at 2017_11_29;)

==================== 
add : alert http any any -> $HTTP_SERVERS any (msg:"ET WEB_SPECIFIC_APPS Apache Tomcat Possible CVE-2017-12617 JSP Upload Bypass Attempt"; flow:to_server,established; content:"PUT"; http_method; content:".jspx/"; http_uri; nocase; fast_pattern:only; pcre:"/\.jspx\/[^\x2f]*$/Ui"; metadata: former_category WEB_SPECIFIC_APPS; reference:cve,2017-12617; reference:cve,2017-12615; classtype:web-application-attack; sid:2024809; rev:4; metadata:affected_product Apache_Tomcat, attack_target Web_Server, deployment Datacenter, signature_severity Major, created_at 2017_10_05, updated_at 2017_11_29;)

==================== 
add : alert http any any -> $HTTP_SERVERS any (msg:"ET WEB_SPECIFIC_APPS Apache Tomcat Possible CVE-2017-12617 JSP Upload Bypass Attempt"; flow:to_server,established; content:"PUT"; http_method; content:".shtml/"; http_uri; nocase; fast_pattern:only; pcre:"/\.shtml\/[^\x2f]*$/Ui"; metadata: former_category WEB_SPECIFIC_APPS; reference:cve,2017-12617; reference:cve,2017-12615; classtype:web-application-attack; sid:2024810; rev:4; metadata:affected_product Apache_Tomcat, attack_target Web_Server, deployment Datacenter, signature_severity Major, created_at 2017_10_05, updated_at 2017_11_29;)

==================== 
add : alert http any any -> $HTTP_SERVERS any (msg:"ET WEB_SPECIFIC_APPS Apache Tomcat Possible CVE-2017-12617 JSP Upload Bypass Attempt"; flow:to_server,established; content:"DELETE"; http_method; content:".jsp/"; http_uri; nocase; fast_pattern:only; pcre:"/\.jsp\/[^\x2f]*$/Ui"; metadata: former_category WEB_SPECIFIC_APPS; reference:cve,2017-12617; reference:cve,2017-12615; classtype:web-application-attack; sid:2024811; rev:4; metadata:affected_product Apache_Tomcat, attack_target Web_Server, deployment Datacenter, signature_severity Major, created_at 2017_10_05, updated_at 2017_11_29;)

==================== 
add : alert http any any -> $HTTP_SERVERS any (msg:"ET WEB_SPECIFIC_APPS Apache Tomcat Possible CVE-2017-12617 JSP Upload Bypass Attempt"; flow:to_server,established; content:"DELETE"; http_method; content:".jspx/"; http_uri; nocase; fast_pattern:only; pcre:"/\.jspx\/[^\x2f]*$/Ui"; metadata: former_category WEB_SPECIFIC_APPS; reference:cve,2017-12617; reference:cve,2017-12615; classtype:web-application-attack; sid:2024812; rev:4; metadata:affected_product Apache_Tomcat, attack_target Web_Server, deployment Datacenter, signature_severity Major, created_at 2017_10_05, updated_at 2017_11_29;)

==================== 
add : alert http any any -> $HTTP_SERVERS any (msg:"ET WEB_SPECIFIC_APPS Apache Tomcat Possible CVE-2017-12617 JSP Upload Bypass Attempt"; flow:to_server,established; content:"DELETE"; http_method; content:".shtml/"; http_uri; nocase; fast_pattern:only; pcre:"/\.shtml\/[^\x2f]*$/Ui"; metadata: former_category WEB_SPECIFIC_APPS; reference:cve,2017-12617; reference:cve,2017-12615; classtype:web-application-attack; sid:2024813; rev:4; metadata:affected_product Apache_Tomcat, attack_target Web_Server, deployment Datacenter, signature_severity Major, created_at 2017_10_05, updated_at 2017_11_29;)

==================== 
add : alert http $EXTERNAL_NET any -> $HOME_NET any (msg:"ET WEB_SPECIFIC_APPS Possible Jenkins CLI RCE (CVE-2017-1000353)"; flow:to_server,established; content:"POST"; http_method; nocase; content:"/cli"; http_uri; depth:4; content:"Side|3a 20|upload"; http_header; content:"JENKINS REMOTING CAPACITY]===>rO0ABXNyABpodWRzb24ucmVtb3RpbmcuQ2FwYWJ"; http_client_body; fast_pattern; metadata: former_category WEB_SPECIFIC_APPS; reference:url,blogs.securiteam.com/index.php/archives/3171; reference:cve,2017-1000353; reference:url,research.checkpoint.com/jenkins-miner-one-biggest-mining-operations-ever-discovered/; classtype:attempted-user; sid:2025376; rev:2; metadata:created_at 2018_02_21, updated_at 2018_02_21;)

==================== 
process end 2018-03-19 14:41:20
