====================
Now comparing emerging-web_server.rules
downloading : https://rules.emergingthreats.net/open/suricata-4.0/rules/emerging-web_server.rules
====================
start compare_sid  2018-03-09 02:15:23
====================
start compare sid_list1 to 2, sid_list1 len is 585, sid_list2 len is 588 2018-03-09 02:15:23
====================
local : #alert http $EXTERNAL_NET any -> $HTTP_SERVERS $HTTP_PORTS (msg:"ET WEB_SERVER Script tag in URI Possible Cross Site Scripting Attempt"; flow:to_server,established; uricontent:"</script>"; nocase; reference:url,ha.ckers.org/xss.html; reference:url,doc.emergingthreats.net/2009714; classtype:web-application-attack; sid:2009714; rev:6;)

 : alert http $EXTERNAL_NET any -> $HTTP_SERVERS any (msg:"ET WEB_SERVER Script tag in URI Possible Cross Site Scripting Attempt"; flow:to_server,established; content:"</script>"; nocase; http_uri; metadata: former_category WEB_SERVER; reference:url,ha.ckers.org/xss.html; reference:url,doc.emergingthreats.net/2009714; classtype:web-application-attack; sid:2009714; rev:7; metadata:affected_product Web_Server_Applications, attack_target Web_Server, deployment Datacenter, tag XSS, tag Cross_Site_Scripting, signature_severity Major, created_at 2010_07_30, updated_at 2017_05_11;)

====================
local : #alert http $HTTP_SERVERS any -> $EXTERNAL_NET any (msg:"ET WEB_SERVER Possible HTTP 403 XSS Attempt (Local Source)"; flow:from_server,established; content:"403"; http_stat_code; file_data; content:"<script"; nocase; depth:512; reference:url,doc.emergingthreats.net/2010515; classtype:web-application-attack; sid:2010515; rev:5;)

 : alert http $HTTP_SERVERS any -> $EXTERNAL_NET any (msg:"ET WEB_SERVER Possible HTTP 403 XSS Attempt (Local Source)"; flow:from_server,established; content:"403"; http_stat_code; file_data; content:"<script"; nocase; depth:512; content:!"location.replace|28 22|https|3a 2f 2f|block.opendns.com"; distance:0; reference:url,doc.emergingthreats.net/2010515; classtype:web-application-attack; sid:2010515; rev:6; metadata:created_at 2010_07_30, updated_at 2010_07_30;)

====================
local : #alert http $EXTERNAL_NET any -> $HTTP_SERVERS $HTTP_PORTS (msg:"ET WEB_SERVER /system32/ in Uri - Possible Protected Directory Access Attempt"; flow:to_server,established; uricontent:"/system32/"; nocase; reference:url,doc.emergingthreats.net/2009362; classtype:attempted-recon; sid:2009362; rev:5;)

 : alert http $EXTERNAL_NET any -> $HTTP_SERVERS any (msg:"ET WEB_SERVER /system32/ in Uri - Possible Protected Directory Access Attempt"; flow:established,to_server; content:"/system32/"; nocase; http_uri; reference:url,doc.emergingthreats.net/2009362; classtype:attempted-recon; sid:2009362; rev:6; metadata:created_at 2010_07_30, updated_at 2010_07_30;)

====================IIS文件解析漏洞"malicious.asp;.jpg"
local : alert http $EXTERNAL_NET any -> $HTTP_SERVERS $HTTP_PORTS (msg:"ET WEB_SERVER Possible Microsoft Internet Information Services (IIS) .asp Filename Extension Parsing File Upload Security Bypass Attempt (asp)"; flow:established,to_server; uricontent:".asp|3B 2E|"; nocase; reference:url,www.securityfocus.com/bid/37460/info; reference:url,doc.emergingthreats.net/2010592; reference:url,www.securityfocus.com/bid/37460/info; reference:url,soroush.secproject.com/downloadable/iis-semicolon-report.pdf; reference:cve,2009-4444; classtype:web-application-attack; sid:2010592; rev:7;)

official : alert http $EXTERNAL_NET any -> $HTTP_SERVERS any (msg:"ET WEB_SERVER Possible Microsoft Internet Information Services (IIS) .asp Filename Extension Parsing File Upload Security Bypass Attempt (asp)"; flow:established,to_server; content:".asp|3B 2E|"; nocase; http_uri; reference:url,www.securityfocus.com/bid/37460/info; reference:url,doc.emergingthreats.net/2010592; reference:url,www.securityfocus.com/bid/37460/info; reference:url,soroush.secproject.com/downloadable/iis-semicolon-report.pdf; reference:cve,2009-4444; classtype:web-application-attack; sid:2010592; rev:8; metadata:created_at 2010_07_30, updated_at 2010_07_30;)

====================
local : #alert http $EXTERNAL_NET any -> $HTTP_SERVERS $HTTP_PORTS (msg:"ET WEB_SERVER PHP Easteregg Information-Disclosure (phpinfo)"; flow:to_server,established; uricontent:"?=PHPB8B5F2A0-3C92-11d3-A3A9-4C7B08C10000"; reference:url,osvdb.org/12184; reference:url,www.0php.com/php_easter_egg.php; reference:url,seclists.org/nmap-dev/2010/q2/569; reference:url,doc.emergingthreats.net/2011141; classtype:attempted-recon; sid:2011141; rev:3;)

 : alert http $EXTERNAL_NET any -> $HTTP_SERVERS any (msg:"ET WEB_SERVER PHP Easteregg Information-Disclosure (phpinfo)"; flow:to_server,established; content:"?=PHPB8B5F2A0-3C92-11d3-A3A9-4C7B08C10000"; http_uri; reference:url,osvdb.org/12184; reference:url,www.0php.com/php_easter_egg.php; reference:url,seclists.org/nmap-dev/2010/q2/569; reference:url,doc.emergingthreats.net/2011141; classtype:attempted-recon; sid:2011141; rev:4; metadata:created_at 2010_07_30, updated_at 2010_07_30;)

====================这里有三个SQL注入的检测
local : alert http $EXTERNAL_NET any -> $HTTP_SERVERS $HTTP_PORTS (msg:"ET WEB_SERVER Possible SQL Injection Attempt UNION SELECT"; flow:established,to_server; uricontent:"UNION"; nocase; uricontent:"SELECT"; nocase; pcre:"/UNION.+SELECT/Ui"; reference:url,en.wikipedia.org/wiki/SQL_injection; reference:url,doc.emergingthreats.net/2006446; classtype:web-application-attack; sid:2006446; rev:11;)

official : alert http $EXTERNAL_NET any -> $HTTP_SERVERS any (msg:"ET WEB_SERVER Possible SQL Injection Attempt UNION SELECT"; flow:established,to_server; uricontent:"UNION"; nocase; uricontent:"SELECT"; nocase; pcre:"/UNION.+SELECT/Ui"; reference:url,en.wikipedia.org/wiki/SQL_injection; reference:url,doc.emergingthreats.net/2006446; classtype:web-application-attack; sid:2006446; rev:12; metadata:affected_product Web_Server_Applications, attack_target Web_Server, deployment Datacenter, tag SQL_Injection, signature_severity Major, created_at 2010_07_30, updated_at 2016_07_01;)

====================
local : alert http $EXTERNAL_NET any -> $HTTP_SERVERS $HTTP_PORTS (msg:"ET WEB_SERVER SELECT USER SQL Injection Attempt in URI"; flow:established,to_server; content:"SELECT"; nocase; http_uri; content:"USER"; nocase; http_uri; pcre:"/SELECT[^a-z]+USER/Ui"; reference:url,en.wikipedia.org/wiki/SQL_injection; reference:url,doc.emergingthreats.net/2010963; classtype:web-application-attack; sid:2010963; rev:5;)

official : alert http $EXTERNAL_NET any -> $HTTP_SERVERS any (msg:"ET WEB_SERVER SELECT USER SQL Injection Attempt in URI"; flow:established,to_server; content:"SELECT"; nocase; http_uri; content:"USER"; nocase; http_uri; pcre:"/SELECT[^a-z]+USER/Ui"; reference:url,en.wikipedia.org/wiki/SQL_injection; reference:url,doc.emergingthreats.net/2010963; classtype:web-application-attack; sid:2010963; rev:6; metadata:affected_product Web_Server_Applications, attack_target Web_Server, deployment Datacenter, tag SQL_Injection, signature_severity Major, created_at 2010_07_30, updated_at 2016_07_01;)

====================
local : alert http $EXTERNAL_NET any -> $HTTP_SERVERS $HTTP_PORTS (msg:"ET WEB_SERVER Possible Attempt to Get SQL Server Version in URI using SELECT VERSION"; flow:established,to_server; content:"SELECT"; nocase; http_uri; content:"VERSION"; nocase; distance:1; http_uri; reference:url,support.microsoft.com/kb/321185; reference:url,doc.emergingthreats.net/2011037; classtype:web-application-attack; sid:2011037; rev:4;)

official : alert http $EXTERNAL_NET any -> $HTTP_SERVERS any (msg:"ET WEB_SERVER Possible Attempt to Get SQL Server Version in URI using SELECT VERSION"; flow:established,to_server; content:"SELECT"; nocase; http_uri; content:"VERSION"; nocase; distance:1; http_uri; reference:url,support.microsoft.com/kb/321185; reference:url,doc.emergingthreats.net/2011037; classtype:web-application-attack; sid:2011037; rev:5; metadata:created_at 2010_07_30, updated_at 2010_07_30;)

====================识别UA带"Jorgee"为恶意流量
local : alert http $EXTERNAL_NET any -> $HOME_NET any (msg:"ET WEB_SERVER Jorgee Scan"; flow:established,to_server; content:"HEAD"; http_method; content:"User-Agent|3a 20|Mozilla/5.0 Jorgee|0d 0a|"; http_header; fast_pattern:12,20; threshold: type limit, track by_dst, count 3, seconds 60; reference:url,www.skepticism.us/2015/05/new-malware-user-agent-value-jorgee/; classtype:trojan-activity; sid:2024265; rev:3;)

official : alert http $EXTERNAL_NET any -> $HOME_NET any (msg:"ET WEB_SERVER Jorgee Scan"; flow:established,to_server; content:"HEAD"; http_method; content:"Mozilla/5.0 Jorgee"; depth:18; isdataat:!1,relative; http_user_agent; fast_pattern; threshold: type limit, track by_dst, count 3, seconds 60; metadata: former_category WEB_SERVER; reference:url,www.skepticism.us/2015/05/new-malware-user-agent-value-jorgee/; classtype:trojan-activity; sid:2024265; rev:4; metadata:created_at 2015_06_26, updated_at 2017_05_01;)

====================UA的Sql注入
local : alert http $EXTERNAL_NET any -> $HTTP_SERVERS any (msg:"ET WEB_SERVER Possible SQLi Attempt in User Agent (Inbound)"; flow:established,to_server; content:"User-Agent|3a 20|"; http_header; content:"select"; nocase; distance:0; fast_pattern; http_header; content:"from"; nocase; http_header; within:20; pcre:"/User-Agent\x3a\x20[^\r\n]+select[^\r\n]+from/Hi"; reference:url,blog.cloudflare.com/the-sleepy-user-agent/; classtype:trojan-activity; sid:2022816; rev:2;)

official : alert http $EXTERNAL_NET any -> $HTTP_SERVERS any (msg:"ET WEB_SERVER Possible SQLi Attempt in User Agent (Inbound)"; flow:established,to_server; content:"select"; nocase; distance:0; fast_pattern; http_user_agent; content:"from"; nocase; http_user_agent; within:20; reference:url,blog.cloudflare.com/the-sleepy-user-agent/; classtype:trojan-activity; sid:2022816; rev:3; metadata:created_at 2016_05_17, updated_at 2016_05_17;)

====================
start compare sid_list2 to 1  2018-03-09 02:15:43
====================Apache HTTP 软件 2.2.34/2.4.27版本，该漏洞Limit指令的函数ap_limit_section所触发，如果网站管理员尝试使用无效的 HTTP 方法进行 "Limit" 指令HTTP请求时，会导致内存信息泄露
add : #alert http $EXTERNAL_NET any -> $HTTP_SERVERS any (msg:"ET WEB_SERVER Possible OptionsBleed (CVE-2017-9798)"; flow:established,to_server; content:"OPTIONS"; http_method; flowbits:set,ET.2017-9798; threshold: type both, count 30, seconds 30, track by_src; metadata: former_category WEB_SERVER; classtype:misc-activity; sid:2024759; rev:5; metadata:affected_product Windows_XP_Vista_7_8_10_Server_32_64_Bit, attack_target Client_Endpoint, deployment Perimeter, cve 2017_9798, signature_severity Major, created_at 2017_09_19, performance_impact Moderate, updated_at 2017_09_22;)

====================同上
add : alert http $HTTP_SERVERS any -> $EXTERNAL_NET any (msg:"ET WEB_SERVER OptionsBleed (CVE-2017-9798)"; flow:from_server; content:"Allow|3a 20|"; http_header; pcre:"/^[^\n]+(?:[^ -~\x0d\x0a]|,\x20*,)/HR"; metadata: former_category WEB_SERVER; reference:cve,CVE-2017-9798; classtype:misc-activity; sid:2024760; rev:4; metadata:affected_product Apache_HTTP_server, attack_target Server, deployment Datacenter, signature_severity Minor, created_at 2017_09_19, performance_impact Significant, updated_at 2017_09_22;)

====================webshell的请求中body中带wget
add : alert http $EXTERNAL_NET any -> $HTTP_SERVERS any (msg:"ET WEB_SERVER 401TRG Generic Webshell Request - POST with wget in body"; flow:established,to_server; content:"wget"; nocase; http_client_body; content:"http"; nocase; http_client_body; within:11; threshold:type limit, track by_src, seconds 3600, count 1; metadata: former_category WEB_SERVER; classtype:web-application-attack; sid:2024930; rev:1; metadata:affected_product Apache_HTTP_server, attack_target Server, deployment Datacenter, signature_severity Major, created_at 2017_10_26, malware_family webshell, performance_impact Moderate, updated_at 2017_10_26;)
====================
process end 2018-03-09 02:15:47
